{"G:\\Sexto Semestre\\NUEVAS TECNOLOGIAS DE DESARROLLO\\Segundo Corte\\Repositorio GitHub\\backend\\avatar-check.js": {"path":"G:\\Sexto Semestre\\NUEVAS TECNOLOGIAS DE DESARROLLO\\Segundo Corte\\Repositorio GitHub\\backend\\avatar-check.js","statementMap":{"0":{"start":{"line":1,"column":13},"end":{"line":1,"column":35}},"1":{"start":{"line":6,"column":26},"end":{"line":111,"column":1}},"2":{"start":{"line":7,"column":2},"end":{"line":110,"column":3}},"3":{"start":{"line":8,"column":4},"end":{"line":8,"column":70}},"4":{"start":{"line":11,"column":31},"end":{"line":21,"column":6}},"5":{"start":{"line":23,"column":4},"end":{"line":23,"column":82}},"6":{"start":{"line":24,"column":4},"end":{"line":26,"column":5}},"7":{"start":{"line":25,"column":6},"end":{"line":25,"column":38}},"8":{"start":{"line":29,"column":24},"end":{"line":37,"column":6}},"9":{"start":{"line":39,"column":4},"end":{"line":39,"column":76}},"10":{"start":{"line":40,"column":4},"end":{"line":42,"column":5}},"11":{"start":{"line":41,"column":6},"end":{"line":41,"column":31}},"12":{"start":{"line":45,"column":30},"end":{"line":55,"column":6}},"13":{"start":{"line":57,"column":4},"end":{"line":57,"column":96}},"14":{"start":{"line":58,"column":4},"end":{"line":60,"column":5}},"15":{"start":{"line":59,"column":6},"end":{"line":59,"column":37}},"16":{"start":{"line":63,"column":34},"end":{"line":72,"column":6}},"17":{"start":{"line":74,"column":4},"end":{"line":74,"column":96}},"18":{"start":{"line":75,"column":4},"end":{"line":77,"column":5}},"19":{"start":{"line":76,"column":6},"end":{"line":76,"column":41}},"20":{"start":{"line":80,"column":15},"end":{"line":80,"column":28}},"21":{"start":{"line":81,"column":17},"end":{"line":81,"column":32}},"22":{"start":{"line":83,"column":4},"end":{"line":83,"column":70}},"23":{"start":{"line":84,"column":24},"end":{"line":84,"column":25}},"24":{"start":{"line":85,"column":23},"end":{"line":85,"column":24}},"25":{"start":{"line":87,"column":4},"end":{"line":101,"column":5}},"26":{"start":{"line":88,"column":6},"end":{"line":100,"column":7}},"27":{"start":{"line":89,"column":25},"end":{"line":89,"column":72}},"28":{"start":{"line":90,"column":8},"end":{"line":99,"column":9}},"29":{"start":{"line":91,"column":10},"end":{"line":96,"column":11}},"30":{"start":{"line":92,"column":12},"end":{"line":92,"column":28}},"31":{"start":{"line":94,"column":12},"end":{"line":94,"column":27}},"32":{"start":{"line":95,"column":12},"end":{"line":95,"column":94}},"33":{"start":{"line":98,"column":10},"end":{"line":98,"column":91}},"34":{"start":{"line":103,"column":4},"end":{"line":103,"column":59}},"35":{"start":{"line":104,"column":4},"end":{"line":104,"column":57}},"36":{"start":{"line":106,"column":4},"end":{"line":106,"column":60}},"37":{"start":{"line":109,"column":4},"end":{"line":109,"column":69}},"38":{"start":{"line":114,"column":27},"end":{"line":131,"column":1}},"39":{"start":{"line":115,"column":2},"end":{"line":130,"column":3}},"40":{"start":{"line":116,"column":4},"end":{"line":116,"column":82}},"41":{"start":{"line":118,"column":21},"end":{"line":124,"column":6}},"42":{"start":{"line":126,"column":4},"end":{"line":126,"column":64}},"43":{"start":{"line":129,"column":4},"end":{"line":129,"column":65}},"44":{"start":{"line":134,"column":13},"end":{"line":144,"column":1}},"45":{"start":{"line":135,"column":15},"end":{"line":135,"column":36}},"46":{"start":{"line":137,"column":2},"end":{"line":141,"column":3}},"47":{"start":{"line":138,"column":4},"end":{"line":138,"column":31}},"48":{"start":{"line":140,"column":4},"end":{"line":140,"column":30}},"49":{"start":{"line":143,"column":2},"end":{"line":143,"column":18}},"50":{"start":{"line":146,"column":0},"end":{"line":148,"column":1}},"51":{"start":{"line":147,"column":2},"end":{"line":147,"column":9}},"52":{"start":{"line":150,"column":0},"end":{"line":150,"column":59}}},"fnMap":{"0":{"name":"(anonymous_0)","decl":{"start":{"line":6,"column":26},"end":{"line":6,"column":27}},"loc":{"start":{"line":6,"column":38},"end":{"line":111,"column":1}},"line":6},"1":{"name":"(anonymous_1)","decl":{"start":{"line":114,"column":27},"end":{"line":114,"column":28}},"loc":{"start":{"line":114,"column":39},"end":{"line":131,"column":1}},"line":114},"2":{"name":"(anonymous_2)","decl":{"start":{"line":134,"column":13},"end":{"line":134,"column":14}},"loc":{"start":{"line":134,"column":25},"end":{"line":144,"column":1}},"line":134}},"branchMap":{"0":{"loc":{"start":{"line":24,"column":4},"end":{"line":26,"column":5}},"type":"if","locations":[{"start":{"line":24,"column":4},"end":{"line":26,"column":5}},{"start":{},"end":{}}],"line":24},"1":{"loc":{"start":{"line":40,"column":4},"end":{"line":42,"column":5}},"type":"if","locations":[{"start":{"line":40,"column":4},"end":{"line":42,"column":5}},{"start":{},"end":{}}],"line":40},"2":{"loc":{"start":{"line":58,"column":4},"end":{"line":60,"column":5}},"type":"if","locations":[{"start":{"line":58,"column":4},"end":{"line":60,"column":5}},{"start":{},"end":{}}],"line":58},"3":{"loc":{"start":{"line":75,"column":4},"end":{"line":77,"column":5}},"type":"if","locations":[{"start":{"line":75,"column":4},"end":{"line":77,"column":5}},{"start":{},"end":{}}],"line":75},"4":{"loc":{"start":{"line":88,"column":6},"end":{"line":100,"column":7}},"type":"if","locations":[{"start":{"line":88,"column":6},"end":{"line":100,"column":7}},{"start":{},"end":{}}],"line":88},"5":{"loc":{"start":{"line":91,"column":10},"end":{"line":96,"column":11}},"type":"if","locations":[{"start":{"line":91,"column":10},"end":{"line":96,"column":11}},{"start":{"line":93,"column":17},"end":{"line":96,"column":11}}],"line":91},"6":{"loc":{"start":{"line":137,"column":2},"end":{"line":141,"column":3}},"type":"if","locations":[{"start":{"line":137,"column":2},"end":{"line":141,"column":3}},{"start":{"line":139,"column":9},"end":{"line":141,"column":3}}],"line":137},"7":{"loc":{"start":{"line":146,"column":0},"end":{"line":148,"column":1}},"type":"if","locations":[{"start":{"line":146,"column":0},"end":{"line":148,"column":1}},{"start":{},"end":{}}],"line":146}},"s":{"0":0,"1":0,"2":0,"3":0,"4":0,"5":0,"6":0,"7":0,"8":0,"9":0,"10":0,"11":0,"12":0,"13":0,"14":0,"15":0,"16":0,"17":0,"18":0,"19":0,"20":0,"21":0,"22":0,"23":0,"24":0,"25":0,"26":0,"27":0,"28":0,"29":0,"30":0,"31":0,"32":0,"33":0,"34":0,"35":0,"36":0,"37":0,"38":0,"39":0,"40":0,"41":0,"42":0,"43":0,"44":0,"45":0,"46":0,"47":0,"48":0,"49":0,"50":0,"51":0,"52":0},"f":{"0":0,"1":0,"2":0},"b":{"0":[0,0],"1":[0,0],"2":[0,0],"3":[0,0],"4":[0,0],"5":[0,0],"6":[0,0],"7":[0,0]}}
,"G:\\Sexto Semestre\\NUEVAS TECNOLOGIAS DE DESARROLLO\\Segundo Corte\\Repositorio GitHub\\backend\\jest.config.js": {"path":"G:\\Sexto Semestre\\NUEVAS TECNOLOGIAS DE DESARROLLO\\Segundo Corte\\Repositorio GitHub\\backend\\jest.config.js","statementMap":{"0":{"start":{"line":1,"column":0},"end":{"line":5,"column":2}}},"fnMap":{},"branchMap":{},"s":{"0":0},"f":{},"b":{}}
,"G:\\Sexto Semestre\\NUEVAS TECNOLOGIAS DE DESARROLLO\\Segundo Corte\\Repositorio GitHub\\backend\\profile-basic-check.js": {"path":"G:\\Sexto Semestre\\NUEVAS TECNOLOGIAS DE DESARROLLO\\Segundo Corte\\Repositorio GitHub\\backend\\profile-basic-check.js","statementMap":{"0":{"start":{"line":1,"column":13},"end":{"line":1,"column":35}},"1":{"start":{"line":6,"column":35},"end":{"line":112,"column":1}},"2":{"start":{"line":7,"column":2},"end":{"line":111,"column":3}},"3":{"start":{"line":8,"column":4},"end":{"line":8,"column":83}},"4":{"start":{"line":11,"column":4},"end":{"line":11,"column":60}},"5":{"start":{"line":12,"column":29},"end":{"line":12,"column":71}},"6":{"start":{"line":13,"column":24},"end":{"line":13,"column":60}},"7":{"start":{"line":13,"column":50},"end":{"line":13,"column":59}},"8":{"start":{"line":14,"column":4},"end":{"line":14,"column":65}},"9":{"start":{"line":16,"column":30},"end":{"line":16,"column":65}},"10":{"start":{"line":17,"column":28},"end":{"line":17,"column":68}},"11":{"start":{"line":20,"column":33},"end":{"line":27,"column":6}},"12":{"start":{"line":29,"column":32},"end":{"line":29,"column":81}},"13":{"start":{"line":29,"column":65},"end":{"line":29,"column":80}},"14":{"start":{"line":30,"column":29},"end":{"line":30,"column":77}},"15":{"start":{"line":30,"column":62},"end":{"line":30,"column":76}},"16":{"start":{"line":32,"column":4},"end":{"line":32,"column":71}},"17":{"start":{"line":33,"column":4},"end":{"line":33,"column":60}},"18":{"start":{"line":34,"column":4},"end":{"line":34,"column":63}},"19":{"start":{"line":36,"column":4},"end":{"line":43,"column":5}},"20":{"start":{"line":37,"column":6},"end":{"line":37,"column":47}},"21":{"start":{"line":38,"column":6},"end":{"line":42,"column":11}},"22":{"start":{"line":38,"column":50},"end":{"line":42,"column":7}},"23":{"start":{"line":46,"column":4},"end":{"line":71,"column":5}},"24":{"start":{"line":47,"column":33},"end":{"line":52,"column":8}},"25":{"start":{"line":54,"column":6},"end":{"line":54,"column":74}},"26":{"start":{"line":55,"column":6},"end":{"line":57,"column":7}},"27":{"start":{"line":56,"column":8},"end":{"line":56,"column":40}},"28":{"start":{"line":60,"column":36},"end":{"line":65,"column":8}},"29":{"start":{"line":67,"column":6},"end":{"line":67,"column":113}},"30":{"start":{"line":68,"column":6},"end":{"line":70,"column":7}},"31":{"start":{"line":69,"column":8},"end":{"line":69,"column":43}},"32":{"start":{"line":74,"column":25},"end":{"line":82,"column":6}},"33":{"start":{"line":84,"column":4},"end":{"line":84,"column":48}},"34":{"start":{"line":85,"column":4},"end":{"line":85,"column":30}},"35":{"start":{"line":88,"column":29},"end":{"line":95,"column":6}},"36":{"start":{"line":97,"column":4},"end":{"line":97,"column":95}},"37":{"start":{"line":98,"column":4},"end":{"line":100,"column":5}},"38":{"start":{"line":99,"column":6},"end":{"line":99,"column":36}},"39":{"start":{"line":102,"column":4},"end":{"line":102,"column":55}},"40":{"start":{"line":105,"column":4},"end":{"line":107,"column":5}},"41":{"start":{"line":106,"column":6},"end":{"line":106,"column":105}},"42":{"start":{"line":110,"column":4},"end":{"line":110,"column":69}},"43":{"start":{"line":115,"column":30},"end":{"line":132,"column":1}},"44":{"start":{"line":116,"column":2},"end":{"line":131,"column":3}},"45":{"start":{"line":117,"column":4},"end":{"line":117,"column":54}},"46":{"start":{"line":119,"column":21},"end":{"line":125,"column":6}},"47":{"start":{"line":127,"column":4},"end":{"line":127,"column":62}},"48":{"start":{"line":130,"column":4},"end":{"line":130,"column":62}},"49":{"start":{"line":135,"column":13},"end":{"line":145,"column":1}},"50":{"start":{"line":136,"column":15},"end":{"line":136,"column":36}},"51":{"start":{"line":138,"column":2},"end":{"line":142,"column":3}},"52":{"start":{"line":139,"column":4},"end":{"line":139,"column":34}},"53":{"start":{"line":141,"column":4},"end":{"line":141,"column":39}},"54":{"start":{"line":144,"column":2},"end":{"line":144,"column":18}},"55":{"start":{"line":147,"column":0},"end":{"line":149,"column":1}},"56":{"start":{"line":148,"column":2},"end":{"line":148,"column":9}},"57":{"start":{"line":151,"column":0},"end":{"line":151,"column":71}}},"fnMap":{"0":{"name":"(anonymous_0)","decl":{"start":{"line":6,"column":35},"end":{"line":6,"column":36}},"loc":{"start":{"line":6,"column":47},"end":{"line":112,"column":1}},"line":6},"1":{"name":"(anonymous_1)","decl":{"start":{"line":13,"column":43},"end":{"line":13,"column":44}},"loc":{"start":{"line":13,"column":50},"end":{"line":13,"column":59}},"line":13},"2":{"name":"(anonymous_2)","decl":{"start":{"line":29,"column":58},"end":{"line":29,"column":59}},"loc":{"start":{"line":29,"column":65},"end":{"line":29,"column":80}},"line":29},"3":{"name":"(anonymous_3)","decl":{"start":{"line":30,"column":55},"end":{"line":30,"column":56}},"loc":{"start":{"line":30,"column":62},"end":{"line":30,"column":76}},"line":30},"4":{"name":"(anonymous_4)","decl":{"start":{"line":38,"column":44},"end":{"line":38,"column":45}},"loc":{"start":{"line":38,"column":50},"end":{"line":42,"column":7}},"line":38},"5":{"name":"(anonymous_5)","decl":{"start":{"line":115,"column":30},"end":{"line":115,"column":31}},"loc":{"start":{"line":115,"column":42},"end":{"line":132,"column":1}},"line":115},"6":{"name":"(anonymous_6)","decl":{"start":{"line":135,"column":13},"end":{"line":135,"column":14}},"loc":{"start":{"line":135,"column":25},"end":{"line":145,"column":1}},"line":135}},"branchMap":{"0":{"loc":{"start":{"line":36,"column":4},"end":{"line":43,"column":5}},"type":"if","locations":[{"start":{"line":36,"column":4},"end":{"line":43,"column":5}},{"start":{},"end":{}}],"line":36},"1":{"loc":{"start":{"line":46,"column":4},"end":{"line":71,"column":5}},"type":"if","locations":[{"start":{"line":46,"column":4},"end":{"line":71,"column":5}},{"start":{"line":58,"column":11},"end":{"line":71,"column":5}}],"line":46},"2":{"loc":{"start":{"line":55,"column":6},"end":{"line":57,"column":7}},"type":"if","locations":[{"start":{"line":55,"column":6},"end":{"line":57,"column":7}},{"start":{},"end":{}}],"line":55},"3":{"loc":{"start":{"line":68,"column":6},"end":{"line":70,"column":7}},"type":"if","locations":[{"start":{"line":68,"column":6},"end":{"line":70,"column":7}},{"start":{},"end":{}}],"line":68},"4":{"loc":{"start":{"line":98,"column":4},"end":{"line":100,"column":5}},"type":"if","locations":[{"start":{"line":98,"column":4},"end":{"line":100,"column":5}},{"start":{},"end":{}}],"line":98},"5":{"loc":{"start":{"line":105,"column":4},"end":{"line":107,"column":5}},"type":"if","locations":[{"start":{"line":105,"column":4},"end":{"line":107,"column":5}},{"start":{},"end":{}}],"line":105},"6":{"loc":{"start":{"line":138,"column":2},"end":{"line":142,"column":3}},"type":"if","locations":[{"start":{"line":138,"column":2},"end":{"line":142,"column":3}},{"start":{"line":140,"column":9},"end":{"line":142,"column":3}}],"line":138},"7":{"loc":{"start":{"line":147,"column":0},"end":{"line":149,"column":1}},"type":"if","locations":[{"start":{"line":147,"column":0},"end":{"line":149,"column":1}},{"start":{},"end":{}}],"line":147}},"s":{"0":0,"1":0,"2":0,"3":0,"4":0,"5":0,"6":0,"7":0,"8":0,"9":0,"10":0,"11":0,"12":0,"13":0,"14":0,"15":0,"16":0,"17":0,"18":0,"19":0,"20":0,"21":0,"22":0,"23":0,"24":0,"25":0,"26":0,"27":0,"28":0,"29":0,"30":0,"31":0,"32":0,"33":0,"34":0,"35":0,"36":0,"37":0,"38":0,"39":0,"40":0,"41":0,"42":0,"43":0,"44":0,"45":0,"46":0,"47":0,"48":0,"49":0,"50":0,"51":0,"52":0,"53":0,"54":0,"55":0,"56":0,"57":0},"f":{"0":0,"1":0,"2":0,"3":0,"4":0,"5":0,"6":0},"b":{"0":[0,0],"1":[0,0],"2":[0,0],"3":[0,0],"4":[0,0],"5":[0,0],"6":[0,0],"7":[0,0]}}
,"G:\\Sexto Semestre\\NUEVAS TECNOLOGIAS DE DESARROLLO\\Segundo Corte\\Repositorio GitHub\\backend\\profile-integrity-check.js": {"path":"G:\\Sexto Semestre\\NUEVAS TECNOLOGIAS DE DESARROLLO\\Segundo Corte\\Repositorio GitHub\\backend\\profile-integrity-check.js","statementMap":{"0":{"start":{"line":1,"column":13},"end":{"line":1,"column":35}},"1":{"start":{"line":6,"column":30},"end":{"line":100,"column":1}},"2":{"start":{"line":7,"column":2},"end":{"line":99,"column":3}},"3":{"start":{"line":8,"column":4},"end":{"line":8,"column":76}},"4":{"start":{"line":11,"column":31},"end":{"line":16,"column":6}},"5":{"start":{"line":18,"column":4},"end":{"line":18,"column":81}},"6":{"start":{"line":19,"column":4},"end":{"line":21,"column":5}},"7":{"start":{"line":20,"column":6},"end":{"line":20,"column":38}},"8":{"start":{"line":24,"column":29},"end":{"line":29,"column":6}},"9":{"start":{"line":31,"column":4},"end":{"line":31,"column":79}},"10":{"start":{"line":32,"column":4},"end":{"line":34,"column":5}},"11":{"start":{"line":33,"column":6},"end":{"line":33,"column":36}},"12":{"start":{"line":37,"column":34},"end":{"line":42,"column":6}},"13":{"start":{"line":44,"column":4},"end":{"line":44,"column":83}},"14":{"start":{"line":45,"column":4},"end":{"line":47,"column":5}},"15":{"start":{"line":46,"column":6},"end":{"line":46,"column":41}},"16":{"start":{"line":50,"column":4},"end":{"line":64,"column":5}},"17":{"start":{"line":51,"column":28},"end":{"line":56,"column":8}},"18":{"start":{"line":58,"column":6},"end":{"line":58,"column":77}},"19":{"start":{"line":59,"column":6},"end":{"line":61,"column":7}},"20":{"start":{"line":60,"column":8},"end":{"line":60,"column":35}},"21":{"start":{"line":63,"column":6},"end":{"line":63,"column":111}},"22":{"start":{"line":67,"column":20},"end":{"line":74,"column":6}},"23":{"start":{"line":76,"column":4},"end":{"line":76,"column":50}},"24":{"start":{"line":77,"column":4},"end":{"line":77,"column":25}},"25":{"start":{"line":80,"column":29},"end":{"line":88,"column":6}},"26":{"start":{"line":90,"column":4},"end":{"line":90,"column":95}},"27":{"start":{"line":91,"column":4},"end":{"line":93,"column":5}},"28":{"start":{"line":92,"column":6},"end":{"line":92,"column":36}},"29":{"start":{"line":95,"column":4},"end":{"line":95,"column":62}},"30":{"start":{"line":98,"column":4},"end":{"line":98,"column":69}},"31":{"start":{"line":103,"column":31},"end":{"line":133,"column":1}},"32":{"start":{"line":104,"column":2},"end":{"line":132,"column":3}},"33":{"start":{"line":105,"column":4},"end":{"line":105,"column":70}},"34":{"start":{"line":108,"column":26},"end":{"line":113,"column":6}},"35":{"start":{"line":115,"column":4},"end":{"line":115,"column":71}},"36":{"start":{"line":118,"column":22},"end":{"line":124,"column":6}},"37":{"start":{"line":126,"column":4},"end":{"line":126,"column":63}},"38":{"start":{"line":128,"column":4},"end":{"line":128,"column":47}},"39":{"start":{"line":131,"column":4},"end":{"line":131,"column":67}},"40":{"start":{"line":136,"column":13},"end":{"line":146,"column":1}},"41":{"start":{"line":137,"column":15},"end":{"line":137,"column":36}},"42":{"start":{"line":139,"column":2},"end":{"line":143,"column":3}},"43":{"start":{"line":140,"column":4},"end":{"line":140,"column":35}},"44":{"start":{"line":142,"column":4},"end":{"line":142,"column":34}},"45":{"start":{"line":145,"column":2},"end":{"line":145,"column":18}},"46":{"start":{"line":148,"column":0},"end":{"line":150,"column":1}},"47":{"start":{"line":149,"column":2},"end":{"line":149,"column":9}},"48":{"start":{"line":152,"column":0},"end":{"line":152,"column":67}}},"fnMap":{"0":{"name":"(anonymous_0)","decl":{"start":{"line":6,"column":30},"end":{"line":6,"column":31}},"loc":{"start":{"line":6,"column":42},"end":{"line":100,"column":1}},"line":6},"1":{"name":"(anonymous_1)","decl":{"start":{"line":103,"column":31},"end":{"line":103,"column":32}},"loc":{"start":{"line":103,"column":43},"end":{"line":133,"column":1}},"line":103},"2":{"name":"(anonymous_2)","decl":{"start":{"line":136,"column":13},"end":{"line":136,"column":14}},"loc":{"start":{"line":136,"column":25},"end":{"line":146,"column":1}},"line":136}},"branchMap":{"0":{"loc":{"start":{"line":19,"column":4},"end":{"line":21,"column":5}},"type":"if","locations":[{"start":{"line":19,"column":4},"end":{"line":21,"column":5}},{"start":{},"end":{}}],"line":19},"1":{"loc":{"start":{"line":32,"column":4},"end":{"line":34,"column":5}},"type":"if","locations":[{"start":{"line":32,"column":4},"end":{"line":34,"column":5}},{"start":{},"end":{}}],"line":32},"2":{"loc":{"start":{"line":45,"column":4},"end":{"line":47,"column":5}},"type":"if","locations":[{"start":{"line":45,"column":4},"end":{"line":47,"column":5}},{"start":{},"end":{}}],"line":45},"3":{"loc":{"start":{"line":59,"column":6},"end":{"line":61,"column":7}},"type":"if","locations":[{"start":{"line":59,"column":6},"end":{"line":61,"column":7}},{"start":{},"end":{}}],"line":59},"4":{"loc":{"start":{"line":91,"column":4},"end":{"line":93,"column":5}},"type":"if","locations":[{"start":{"line":91,"column":4},"end":{"line":93,"column":5}},{"start":{},"end":{}}],"line":91},"5":{"loc":{"start":{"line":139,"column":2},"end":{"line":143,"column":3}},"type":"if","locations":[{"start":{"line":139,"column":2},"end":{"line":143,"column":3}},{"start":{"line":141,"column":9},"end":{"line":143,"column":3}}],"line":139},"6":{"loc":{"start":{"line":148,"column":0},"end":{"line":150,"column":1}},"type":"if","locations":[{"start":{"line":148,"column":0},"end":{"line":150,"column":1}},{"start":{},"end":{}}],"line":148}},"s":{"0":0,"1":0,"2":0,"3":0,"4":0,"5":0,"6":0,"7":0,"8":0,"9":0,"10":0,"11":0,"12":0,"13":0,"14":0,"15":0,"16":0,"17":0,"18":0,"19":0,"20":0,"21":0,"22":0,"23":0,"24":0,"25":0,"26":0,"27":0,"28":0,"29":0,"30":0,"31":0,"32":0,"33":0,"34":0,"35":0,"36":0,"37":0,"38":0,"39":0,"40":0,"41":0,"42":0,"43":0,"44":0,"45":0,"46":0,"47":0,"48":0},"f":{"0":0,"1":0,"2":0},"b":{"0":[0,0],"1":[0,0],"2":[0,0],"3":[0,0],"4":[0,0],"5":[0,0],"6":[0,0]}}
,"G:\\Sexto Semestre\\NUEVAS TECNOLOGIAS DE DESARROLLO\\Segundo Corte\\Repositorio GitHub\\backend\\reset_password.js": {"path":"G:\\Sexto Semestre\\NUEVAS TECNOLOGIAS DE DESARROLLO\\Segundo Corte\\Repositorio GitHub\\backend\\reset_password.js","statementMap":{"0":{"start":{"line":2,"column":15},"end":{"line":2,"column":34}},"1":{"start":{"line":3,"column":13},"end":{"line":3,"column":35}},"2":{"start":{"line":6,"column":2},"end":{"line":47,"column":3}},"3":{"start":{"line":7,"column":4},"end":{"line":7,"column":52}},"4":{"start":{"line":9,"column":18},"end":{"line":9,"column":41}},"5":{"start":{"line":10,"column":24},"end":{"line":10,"column":35}},"6":{"start":{"line":13,"column":4},"end":{"line":13,"column":49}},"7":{"start":{"line":14,"column":17},"end":{"line":14,"column":41}},"8":{"start":{"line":15,"column":27},"end":{"line":15,"column":63}},"9":{"start":{"line":17,"column":4},"end":{"line":17,"column":50}},"10":{"start":{"line":20,"column":4},"end":{"line":20,"column":55}},"11":{"start":{"line":21,"column":21},"end":{"line":24,"column":5}},"12":{"start":{"line":26,"column":4},"end":{"line":26,"column":58}},"13":{"start":{"line":28,"column":4},"end":{"line":41,"column":5}},"14":{"start":{"line":29,"column":6},"end":{"line":29,"column":59}},"15":{"start":{"line":32,"column":6},"end":{"line":32,"column":56}},"16":{"start":{"line":33,"column":22},"end":{"line":33,"column":98}},"17":{"start":{"line":35,"column":6},"end":{"line":38,"column":7}},"18":{"start":{"line":36,"column":24},"end":{"line":36,"column":81}},"19":{"start":{"line":37,"column":8},"end":{"line":37,"column":72}},"20":{"start":{"line":40,"column":6},"end":{"line":40,"column":49}},"21":{"start":{"line":43,"column":4},"end":{"line":43,"column":20}},"22":{"start":{"line":45,"column":4},"end":{"line":45,"column":37}},"23":{"start":{"line":46,"column":4},"end":{"line":46,"column":20}},"24":{"start":{"line":50,"column":0},"end":{"line":50,"column":20}}},"fnMap":{"0":{"name":"resetUserPassword","decl":{"start":{"line":5,"column":15},"end":{"line":5,"column":32}},"loc":{"start":{"line":5,"column":35},"end":{"line":48,"column":1}},"line":5}},"branchMap":{"0":{"loc":{"start":{"line":28,"column":4},"end":{"line":41,"column":5}},"type":"if","locations":[{"start":{"line":28,"column":4},"end":{"line":41,"column":5}},{"start":{"line":39,"column":11},"end":{"line":41,"column":5}}],"line":28},"1":{"loc":{"start":{"line":35,"column":6},"end":{"line":38,"column":7}},"type":"if","locations":[{"start":{"line":35,"column":6},"end":{"line":38,"column":7}},{"start":{},"end":{}}],"line":35},"2":{"loc":{"start":{"line":37,"column":39},"end":{"line":37,"column":70}},"type":"cond-expr","locations":[{"start":{"line":37,"column":49},"end":{"line":37,"column":58}},{"start":{"line":37,"column":61},"end":{"line":37,"column":70}}],"line":37}},"s":{"0":0,"1":0,"2":0,"3":0,"4":0,"5":0,"6":0,"7":0,"8":0,"9":0,"10":0,"11":0,"12":0,"13":0,"14":0,"15":0,"16":0,"17":0,"18":0,"19":0,"20":0,"21":0,"22":0,"23":0,"24":0},"f":{"0":0},"b":{"0":[0,0],"1":[0,0],"2":[0,0]}}
,"G:\\Sexto Semestre\\NUEVAS TECNOLOGIAS DE DESARROLLO\\Segundo Corte\\Repositorio GitHub\\backend\\restore-avatars.js": {"path":"G:\\Sexto Semestre\\NUEVAS TECNOLOGIAS DE DESARROLLO\\Segundo Corte\\Repositorio GitHub\\backend\\restore-avatars.js","statementMap":{"0":{"start":{"line":1,"column":13},"end":{"line":1,"column":35}},"1":{"start":{"line":6,"column":23},"end":{"line":60,"column":1}},"2":{"start":{"line":7,"column":2},"end":{"line":59,"column":3}},"3":{"start":{"line":8,"column":4},"end":{"line":8,"column":62}},"4":{"start":{"line":11,"column":34},"end":{"line":25,"column":6}},"5":{"start":{"line":27,"column":4},"end":{"line":27,"column":91}},"6":{"start":{"line":29,"column":4},"end":{"line":32,"column":5}},"7":{"start":{"line":30,"column":6},"end":{"line":30,"column":54}},"8":{"start":{"line":31,"column":6},"end":{"line":31,"column":13}},"9":{"start":{"line":34,"column":4},"end":{"line":34,"column":39}},"10":{"start":{"line":36,"column":24},"end":{"line":36,"column":25}},"11":{"start":{"line":38,"column":4},"end":{"line":53,"column":5}},"12":{"start":{"line":39,"column":6},"end":{"line":52,"column":7}},"13":{"start":{"line":40,"column":8},"end":{"line":51,"column":9}},"14":{"start":{"line":41,"column":10},"end":{"line":45,"column":48}},"15":{"start":{"line":47,"column":10},"end":{"line":47,"column":89}},"16":{"start":{"line":48,"column":10},"end":{"line":48,"column":26}},"17":{"start":{"line":50,"column":10},"end":{"line":50,"column":92}},"18":{"start":{"line":55,"column":4},"end":{"line":55,"column":87}},"19":{"start":{"line":58,"column":4},"end":{"line":58,"column":69}},"20":{"start":{"line":63,"column":22},"end":{"line":90,"column":1}},"21":{"start":{"line":64,"column":2},"end":{"line":89,"column":3}},"22":{"start":{"line":65,"column":4},"end":{"line":65,"column":80}},"23":{"start":{"line":68,"column":21},"end":{"line":68,"column":118}},"24":{"start":{"line":70,"column":4},"end":{"line":72,"column":5}},"25":{"start":{"line":71,"column":6},"end":{"line":71,"column":71}},"26":{"start":{"line":75,"column":21},"end":{"line":79,"column":26}},"27":{"start":{"line":81,"column":4},"end":{"line":85,"column":5}},"28":{"start":{"line":82,"column":6},"end":{"line":82,"column":56}},"29":{"start":{"line":84,"column":6},"end":{"line":84,"column":57}},"30":{"start":{"line":88,"column":4},"end":{"line":88,"column":66}},"31":{"start":{"line":93,"column":13},"end":{"line":105,"column":1}},"32":{"start":{"line":94,"column":15},"end":{"line":94,"column":36}},"33":{"start":{"line":96,"column":2},"end":{"line":102,"column":3}},"34":{"start":{"line":98,"column":4},"end":{"line":98,"column":42}},"35":{"start":{"line":101,"column":4},"end":{"line":101,"column":27}},"36":{"start":{"line":104,"column":2},"end":{"line":104,"column":18}},"37":{"start":{"line":107,"column":0},"end":{"line":109,"column":1}},"38":{"start":{"line":108,"column":2},"end":{"line":108,"column":9}},"39":{"start":{"line":111,"column":0},"end":{"line":111,"column":51}}},"fnMap":{"0":{"name":"(anonymous_0)","decl":{"start":{"line":6,"column":23},"end":{"line":6,"column":24}},"loc":{"start":{"line":6,"column":35},"end":{"line":60,"column":1}},"line":6},"1":{"name":"(anonymous_1)","decl":{"start":{"line":63,"column":22},"end":{"line":63,"column":23}},"loc":{"start":{"line":63,"column":50},"end":{"line":90,"column":1}},"line":63},"2":{"name":"(anonymous_2)","decl":{"start":{"line":93,"column":13},"end":{"line":93,"column":14}},"loc":{"start":{"line":93,"column":25},"end":{"line":105,"column":1}},"line":93}},"branchMap":{"0":{"loc":{"start":{"line":29,"column":4},"end":{"line":32,"column":5}},"type":"if","locations":[{"start":{"line":29,"column":4},"end":{"line":32,"column":5}},{"start":{},"end":{}}],"line":29},"1":{"loc":{"start":{"line":39,"column":6},"end":{"line":52,"column":7}},"type":"if","locations":[{"start":{"line":39,"column":6},"end":{"line":52,"column":7}},{"start":{},"end":{}}],"line":39},"2":{"loc":{"start":{"line":70,"column":4},"end":{"line":72,"column":5}},"type":"if","locations":[{"start":{"line":70,"column":4},"end":{"line":72,"column":5}},{"start":{},"end":{}}],"line":70},"3":{"loc":{"start":{"line":81,"column":4},"end":{"line":85,"column":5}},"type":"if","locations":[{"start":{"line":81,"column":4},"end":{"line":85,"column":5}},{"start":{"line":83,"column":11},"end":{"line":85,"column":5}}],"line":81},"4":{"loc":{"start":{"line":96,"column":2},"end":{"line":102,"column":3}},"type":"if","locations":[{"start":{"line":96,"column":2},"end":{"line":102,"column":3}},{"start":{"line":99,"column":9},"end":{"line":102,"column":3}}],"line":96},"5":{"loc":{"start":{"line":96,"column":6},"end":{"line":96,"column":47}},"type":"binary-expr","locations":[{"start":{"line":96,"column":6},"end":{"line":96,"column":25}},{"start":{"line":96,"column":29},"end":{"line":96,"column":36}},{"start":{"line":96,"column":40},"end":{"line":96,"column":47}}],"line":96},"6":{"loc":{"start":{"line":107,"column":0},"end":{"line":109,"column":1}},"type":"if","locations":[{"start":{"line":107,"column":0},"end":{"line":109,"column":1}},{"start":{},"end":{}}],"line":107}},"s":{"0":0,"1":0,"2":0,"3":0,"4":0,"5":0,"6":0,"7":0,"8":0,"9":0,"10":0,"11":0,"12":0,"13":0,"14":0,"15":0,"16":0,"17":0,"18":0,"19":0,"20":0,"21":0,"22":0,"23":0,"24":0,"25":0,"26":0,"27":0,"28":0,"29":0,"30":0,"31":0,"32":0,"33":0,"34":0,"35":0,"36":0,"37":0,"38":0,"39":0},"f":{"0":0,"1":0,"2":0},"b":{"0":[0,0],"1":[0,0],"2":[0,0],"3":[0,0],"4":[0,0],"5":[0,0,0],"6":[0,0]}}
,"G:\\Sexto Semestre\\NUEVAS TECNOLOGIAS DE DESARROLLO\\Segundo Corte\\Repositorio GitHub\\backend\\server.js": {"path":"G:\\Sexto Semestre\\NUEVAS TECNOLOGIAS DE DESARROLLO\\Segundo Corte\\Repositorio GitHub\\backend\\server.js","statementMap":{"0":{"start":{"line":1,"column":0},"end":{"line":1,"column":56}},"1":{"start":{"line":2,"column":0},"end":{"line":2,"column":56}},"2":{"start":{"line":5,"column":0},"end":{"line":5,"column":43}},"3":{"start":{"line":6,"column":0},"end":{"line":6,"column":45}},"4":{"start":{"line":7,"column":0},"end":{"line":7,"column":45}},"5":{"start":{"line":8,"column":0},"end":{"line":8,"column":77}},"6":{"start":{"line":9,"column":0},"end":{"line":9,"column":45}},"7":{"start":{"line":10,"column":0},"end":{"line":10,"column":47}},"8":{"start":{"line":12,"column":16},"end":{"line":12,"column":34}},"9":{"start":{"line":13,"column":13},"end":{"line":13,"column":28}},"10":{"start":{"line":14,"column":13},"end":{"line":14,"column":28}},"11":{"start":{"line":15,"column":13},"end":{"line":15,"column":28}},"12":{"start":{"line":16,"column":17},"end":{"line":16,"column":37}},"13":{"start":{"line":17,"column":13},"end":{"line":17,"column":35}},"14":{"start":{"line":18,"column":21},"end":{"line":18,"column":47}},"15":{"start":{"line":20,"column":12},"end":{"line":20,"column":21}},"16":{"start":{"line":21,"column":15},"end":{"line":21,"column":37}},"17":{"start":{"line":22,"column":11},"end":{"line":28,"column":2}},"18":{"start":{"line":31,"column":20},"end":{"line":31,"column":29}},"19":{"start":{"line":32,"column":24},"end":{"line":32,"column":33}},"20":{"start":{"line":33,"column":27},"end":{"line":33,"column":36}},"21":{"start":{"line":34,"column":32},"end":{"line":34,"column":41}},"22":{"start":{"line":35,"column":25},"end":{"line":35,"column":34}},"23":{"start":{"line":39,"column":2},"end":{"line":39,"column":76}},"24":{"start":{"line":40,"column":2},"end":{"line":40,"column":104}},"25":{"start":{"line":42,"column":21},"end":{"line":42,"column":30}},"26":{"start":{"line":44,"column":2},"end":{"line":63,"column":5}},"27":{"start":{"line":45,"column":4},"end":{"line":45,"column":78}},"28":{"start":{"line":46,"column":4},"end":{"line":46,"column":51}},"29":{"start":{"line":47,"column":4},"end":{"line":47,"column":55}},"30":{"start":{"line":48,"column":4},"end":{"line":48,"column":63}},"31":{"start":{"line":49,"column":4},"end":{"line":49,"column":59}},"32":{"start":{"line":51,"column":23},"end":{"line":57,"column":5}},"33":{"start":{"line":59,"column":4},"end":{"line":59,"column":74}},"34":{"start":{"line":61,"column":4},"end":{"line":61,"column":42}},"35":{"start":{"line":62,"column":4},"end":{"line":62,"column":97}},"36":{"start":{"line":65,"column":2},"end":{"line":65,"column":60}},"37":{"start":{"line":66,"column":2},"end":{"line":66,"column":55}},"38":{"start":{"line":70,"column":2},"end":{"line":70,"column":86}},"39":{"start":{"line":72,"column":18},"end":{"line":72,"column":50}},"40":{"start":{"line":73,"column":2},"end":{"line":76,"column":3}},"41":{"start":{"line":74,"column":4},"end":{"line":74,"column":60}},"42":{"start":{"line":75,"column":4},"end":{"line":75,"column":17}},"43":{"start":{"line":78,"column":17},"end":{"line":78,"column":46}},"44":{"start":{"line":79,"column":2},"end":{"line":83,"column":3}},"45":{"start":{"line":80,"column":4},"end":{"line":80,"column":61}},"46":{"start":{"line":81,"column":4},"end":{"line":81,"column":83}},"47":{"start":{"line":82,"column":4},"end":{"line":82,"column":17}},"48":{"start":{"line":85,"column":19},"end":{"line":85,"column":31}},"49":{"start":{"line":86,"column":2},"end":{"line":88,"column":3}},"50":{"start":{"line":87,"column":4},"end":{"line":87,"column":22}},"51":{"start":{"line":90,"column":2},"end":{"line":90,"column":74}},"52":{"start":{"line":91,"column":2},"end":{"line":91,"column":14}},"53":{"start":{"line":95,"column":2},"end":{"line":95,"column":68}},"54":{"start":{"line":96,"column":2},"end":{"line":96,"column":52}},"55":{"start":{"line":98,"column":18},"end":{"line":98,"column":50}},"56":{"start":{"line":99,"column":2},"end":{"line":102,"column":3}},"57":{"start":{"line":100,"column":4},"end":{"line":100,"column":81}},"58":{"start":{"line":101,"column":4},"end":{"line":101,"column":14}},"59":{"start":{"line":104,"column":23},"end":{"line":104,"column":59}},"60":{"start":{"line":105,"column":2},"end":{"line":105,"column":76}},"61":{"start":{"line":106,"column":2},"end":{"line":108,"column":5}},"62":{"start":{"line":107,"column":4},"end":{"line":107,"column":131}},"63":{"start":{"line":110,"column":2},"end":{"line":110,"column":22}},"64":{"start":{"line":114,"column":2},"end":{"line":114,"column":67}},"65":{"start":{"line":115,"column":2},"end":{"line":115,"column":52}},"66":{"start":{"line":116,"column":2},"end":{"line":116,"column":88}},"67":{"start":{"line":118,"column":16},"end":{"line":118,"column":48}},"68":{"start":{"line":119,"column":2},"end":{"line":128,"column":3}},"69":{"start":{"line":120,"column":4},"end":{"line":120,"column":70}},"70":{"start":{"line":121,"column":4},"end":{"line":121,"column":37}},"71":{"start":{"line":122,"column":4},"end":{"line":122,"column":46}},"72":{"start":{"line":124,"column":4},"end":{"line":124,"column":87}},"73":{"start":{"line":125,"column":4},"end":{"line":127,"column":7}},"74":{"start":{"line":126,"column":6},"end":{"line":126,"column":87}},"75":{"start":{"line":130,"column":25},"end":{"line":130,"column":59}},"76":{"start":{"line":131,"column":2},"end":{"line":191,"column":3}},"77":{"start":{"line":132,"column":4},"end":{"line":132,"column":69}},"78":{"start":{"line":133,"column":4},"end":{"line":133,"column":104}},"79":{"start":{"line":134,"column":4},"end":{"line":134,"column":70}},"80":{"start":{"line":137,"column":4},"end":{"line":137,"column":78}},"81":{"start":{"line":138,"column":4},"end":{"line":138,"column":70}},"82":{"start":{"line":139,"column":4},"end":{"line":139,"column":70}},"83":{"start":{"line":140,"column":4},"end":{"line":140,"column":70}},"84":{"start":{"line":143,"column":4},"end":{"line":143,"column":77}},"85":{"start":{"line":144,"column":4},"end":{"line":144,"column":104}},"86":{"start":{"line":147,"column":4},"end":{"line":147,"column":124}},"87":{"start":{"line":148,"column":4},"end":{"line":148,"column":134}},"88":{"start":{"line":150,"column":4},"end":{"line":150,"column":87}},"89":{"start":{"line":153,"column":20},"end":{"line":153,"column":35}},"90":{"start":{"line":154,"column":26},"end":{"line":154,"column":79}},"91":{"start":{"line":154,"column":72},"end":{"line":154,"column":78}},"92":{"start":{"line":155,"column":18},"end":{"line":155,"column":19}},"93":{"start":{"line":157,"column":4},"end":{"line":157,"column":64}},"94":{"start":{"line":158,"column":4},"end":{"line":158,"column":70}},"95":{"start":{"line":162,"column":4},"end":{"line":167,"column":5}},"96":{"start":{"line":163,"column":6},"end":{"line":163,"column":50}},"97":{"start":{"line":164,"column":6},"end":{"line":164,"column":16}},"98":{"start":{"line":165,"column":6},"end":{"line":165,"column":84}},"99":{"start":{"line":166,"column":6},"end":{"line":166,"column":83}},"100":{"start":{"line":169,"column":4},"end":{"line":175,"column":5}},"101":{"start":{"line":170,"column":6},"end":{"line":170,"column":88}},"102":{"start":{"line":171,"column":6},"end":{"line":171,"column":84}},"103":{"start":{"line":172,"column":6},"end":{"line":172,"column":77}},"104":{"start":{"line":174,"column":6},"end":{"line":174,"column":74}},"105":{"start":{"line":178,"column":22},"end":{"line":184,"column":5}},"106":{"start":{"line":186,"column":4},"end":{"line":186,"column":62}},"107":{"start":{"line":187,"column":4},"end":{"line":187,"column":90}},"108":{"start":{"line":189,"column":4},"end":{"line":189,"column":50}},"109":{"start":{"line":190,"column":4},"end":{"line":190,"column":95}},"110":{"start":{"line":196,"column":2},"end":{"line":196,"column":100}},"111":{"start":{"line":199,"column":2},"end":{"line":202,"column":3}},"112":{"start":{"line":200,"column":4},"end":{"line":200,"column":56}},"113":{"start":{"line":201,"column":4},"end":{"line":201,"column":79}},"114":{"start":{"line":205,"column":16},"end":{"line":217,"column":12}},"115":{"start":{"line":206,"column":4},"end":{"line":216,"column":5}},"116":{"start":{"line":207,"column":6},"end":{"line":207,"column":81}},"117":{"start":{"line":208,"column":6},"end":{"line":208,"column":80}},"118":{"start":{"line":209,"column":6},"end":{"line":209,"column":118}},"119":{"start":{"line":211,"column":6},"end":{"line":211,"column":39}},"120":{"start":{"line":212,"column":6},"end":{"line":212,"column":47}},"121":{"start":{"line":214,"column":6},"end":{"line":214,"column":111}},"122":{"start":{"line":215,"column":6},"end":{"line":215,"column":84}},"123":{"start":{"line":219,"column":2},"end":{"line":219,"column":47}},"124":{"start":{"line":224,"column":2},"end":{"line":224,"column":94}},"125":{"start":{"line":226,"column":18},"end":{"line":226,"column":50}},"126":{"start":{"line":227,"column":2},"end":{"line":235,"column":3}},"127":{"start":{"line":228,"column":4},"end":{"line":228,"column":68}},"128":{"start":{"line":229,"column":4},"end":{"line":234,"column":6}},"129":{"start":{"line":237,"column":18},"end":{"line":237,"column":54}},"130":{"start":{"line":238,"column":23},"end":{"line":238,"column":37}},"131":{"start":{"line":240,"column":2},"end":{"line":240,"column":66}},"132":{"start":{"line":243,"column":26},"end":{"line":243,"column":28}},"133":{"start":{"line":244,"column":2},"end":{"line":249,"column":3}},"134":{"start":{"line":246,"column":4},"end":{"line":248,"column":5}},"135":{"start":{"line":247,"column":6},"end":{"line":247,"column":39}},"136":{"start":{"line":251,"column":2},"end":{"line":251,"column":83}},"137":{"start":{"line":252,"column":2},"end":{"line":252,"column":148}},"138":{"start":{"line":252,"column":70},"end":{"line":252,"column":145}},"139":{"start":{"line":255,"column":23},"end":{"line":255,"column":35}},"140":{"start":{"line":257,"column":2},"end":{"line":262,"column":5}},"141":{"start":{"line":258,"column":24},"end":{"line":258,"column":51}},"142":{"start":{"line":259,"column":4},"end":{"line":261,"column":5}},"143":{"start":{"line":260,"column":6},"end":{"line":260,"column":34}},"144":{"start":{"line":265,"column":22},"end":{"line":268,"column":4}},"145":{"start":{"line":266,"column":23},"end":{"line":266,"column":86}},"146":{"start":{"line":267,"column":4},"end":{"line":267,"column":53}},"147":{"start":{"line":270,"column":2},"end":{"line":270,"column":70}},"148":{"start":{"line":271,"column":2},"end":{"line":271,"column":21}},"149":{"start":{"line":275,"column":2},"end":{"line":275,"column":107}},"150":{"start":{"line":277,"column":2},"end":{"line":334,"column":3}},"151":{"start":{"line":279,"column":27},"end":{"line":286,"column":16}},"152":{"start":{"line":288,"column":4},"end":{"line":291,"column":5}},"153":{"start":{"line":289,"column":6},"end":{"line":289,"column":92}},"154":{"start":{"line":290,"column":6},"end":{"line":290,"column":15}},"155":{"start":{"line":294,"column":22},"end":{"line":294,"column":24}},"156":{"start":{"line":295,"column":4},"end":{"line":309,"column":7}},"157":{"start":{"line":296,"column":6},"end":{"line":302,"column":7}},"158":{"start":{"line":297,"column":8},"end":{"line":301,"column":10}},"159":{"start":{"line":303,"column":6},"end":{"line":308,"column":7}},"160":{"start":{"line":304,"column":8},"end":{"line":307,"column":11}},"161":{"start":{"line":312,"column":27},"end":{"line":312,"column":79}},"162":{"start":{"line":312,"column":67},"end":{"line":312,"column":78}},"163":{"start":{"line":314,"column":4},"end":{"line":317,"column":5}},"164":{"start":{"line":315,"column":6},"end":{"line":315,"column":91}},"165":{"start":{"line":316,"column":6},"end":{"line":316,"column":15}},"166":{"start":{"line":319,"column":28},"end":{"line":319,"column":57}},"167":{"start":{"line":320,"column":31},"end":{"line":320,"column":99}},"168":{"start":{"line":320,"column":75},"end":{"line":320,"column":98}},"169":{"start":{"line":322,"column":4},"end":{"line":325,"column":5}},"170":{"start":{"line":323,"column":6},"end":{"line":323,"column":97}},"171":{"start":{"line":324,"column":6},"end":{"line":324,"column":15}},"172":{"start":{"line":327,"column":4},"end":{"line":327,"column":111}},"173":{"start":{"line":328,"column":4},"end":{"line":328,"column":104}},"174":{"start":{"line":329,"column":4},"end":{"line":329,"column":30}},"175":{"start":{"line":332,"column":4},"end":{"line":332,"column":84}},"176":{"start":{"line":333,"column":4},"end":{"line":333,"column":13}},"177":{"start":{"line":338,"column":0},"end":{"line":338,"column":24}},"178":{"start":{"line":339,"column":0},"end":{"line":339,"column":79}},"179":{"start":{"line":341,"column":0},"end":{"line":344,"column":4}},"180":{"start":{"line":347,"column":0},"end":{"line":350,"column":3}},"181":{"start":{"line":348,"column":2},"end":{"line":348,"column":69}},"182":{"start":{"line":349,"column":2},"end":{"line":349,"column":9}},"183":{"start":{"line":353,"column":0},"end":{"line":353,"column":47}},"184":{"start":{"line":354,"column":0},"end":{"line":354,"column":49}},"185":{"start":{"line":355,"column":0},"end":{"line":355,"column":55}},"186":{"start":{"line":356,"column":0},"end":{"line":356,"column":49}},"187":{"start":{"line":357,"column":0},"end":{"line":357,"column":49}},"188":{"start":{"line":358,"column":0},"end":{"line":358,"column":43}},"189":{"start":{"line":359,"column":0},"end":{"line":359,"column":37}},"190":{"start":{"line":362,"column":0},"end":{"line":957,"column":3}},"191":{"start":{"line":363,"column":2},"end":{"line":363,"column":60}},"192":{"start":{"line":364,"column":2},"end":{"line":364,"column":63}},"193":{"start":{"line":367,"column":2},"end":{"line":440,"column":5}},"194":{"start":{"line":368,"column":56},"end":{"line":368,"column":60}},"195":{"start":{"line":369,"column":21},"end":{"line":369,"column":45}},"196":{"start":{"line":371,"column":4},"end":{"line":371,"column":64}},"197":{"start":{"line":373,"column":4},"end":{"line":387,"column":5}},"198":{"start":{"line":374,"column":6},"end":{"line":385,"column":9}},"199":{"start":{"line":386,"column":6},"end":{"line":386,"column":50}},"200":{"start":{"line":389,"column":18},"end":{"line":389,"column":43}},"201":{"start":{"line":390,"column":27},"end":{"line":390,"column":69}},"202":{"start":{"line":390,"column":51},"end":{"line":390,"column":68}},"203":{"start":{"line":392,"column":4},"end":{"line":439,"column":5}},"204":{"start":{"line":393,"column":22},"end":{"line":399,"column":5}},"205":{"start":{"line":401,"column":4},"end":{"line":401,"column":34}},"206":{"start":{"line":402,"column":4},"end":{"line":402,"column":26}},"207":{"start":{"line":404,"column":4},"end":{"line":404,"column":66}},"208":{"start":{"line":405,"column":4},"end":{"line":405,"column":59}},"209":{"start":{"line":406,"column":4},"end":{"line":406,"column":73}},"210":{"start":{"line":407,"column":4},"end":{"line":407,"column":65}},"211":{"start":{"line":408,"column":4},"end":{"line":408,"column":61}},"212":{"start":{"line":409,"column":4},"end":{"line":409,"column":85}},"213":{"start":{"line":410,"column":4},"end":{"line":410,"column":97}},"214":{"start":{"line":410,"column":103},"end":{"line":413,"column":9}},"215":{"start":{"line":415,"column":6},"end":{"line":419,"column":9}},"216":{"start":{"line":420,"column":11},"end":{"line":439,"column":5}},"217":{"start":{"line":421,"column":6},"end":{"line":421,"column":42}},"218":{"start":{"line":422,"column":6},"end":{"line":422,"column":28}},"219":{"start":{"line":423,"column":6},"end":{"line":423,"column":58}},"220":{"start":{"line":424,"column":6},"end":{"line":424,"column":105}},"221":{"start":{"line":426,"column":6},"end":{"line":430,"column":9}},"222":{"start":{"line":432,"column":6},"end":{"line":435,"column":9}},"223":{"start":{"line":437,"column":6},"end":{"line":437,"column":48}},"224":{"start":{"line":438,"column":6},"end":{"line":438,"column":60}},"225":{"start":{"line":443,"column":2},"end":{"line":515,"column":5}},"226":{"start":{"line":444,"column":48},"end":{"line":444,"column":52}},"227":{"start":{"line":445,"column":21},"end":{"line":445,"column":45}},"228":{"start":{"line":447,"column":4},"end":{"line":447,"column":71}},"229":{"start":{"line":448,"column":4},"end":{"line":448,"column":67}},"230":{"start":{"line":449,"column":4},"end":{"line":449,"column":54}},"231":{"start":{"line":450,"column":4},"end":{"line":450,"column":60}},"232":{"start":{"line":451,"column":4},"end":{"line":451,"column":85}},"233":{"start":{"line":452,"column":4},"end":{"line":452,"column":91}},"234":{"start":{"line":453,"column":4},"end":{"line":453,"column":76}},"235":{"start":{"line":454,"column":4},"end":{"line":454,"column":86}},"236":{"start":{"line":455,"column":4},"end":{"line":455,"column":92}},"237":{"start":{"line":457,"column":18},"end":{"line":457,"column":43}},"238":{"start":{"line":458,"column":4},"end":{"line":514,"column":5}},"239":{"start":{"line":459,"column":6},"end":{"line":459,"column":31}},"240":{"start":{"line":460,"column":6},"end":{"line":464,"column":8}},"241":{"start":{"line":467,"column":6},"end":{"line":467,"column":77}},"242":{"start":{"line":468,"column":35},"end":{"line":485,"column":8}},"243":{"start":{"line":469,"column":8},"end":{"line":469,"column":54}},"244":{"start":{"line":470,"column":8},"end":{"line":470,"column":59}},"245":{"start":{"line":471,"column":8},"end":{"line":471,"column":71}},"246":{"start":{"line":472,"column":8},"end":{"line":472,"column":63}},"247":{"start":{"line":473,"column":8},"end":{"line":473,"column":59}},"248":{"start":{"line":475,"column":29},"end":{"line":481,"column":9}},"249":{"start":{"line":483,"column":8},"end":{"line":483,"column":80}},"250":{"start":{"line":484,"column":8},"end":{"line":484,"column":28}},"251":{"start":{"line":487,"column":6},"end":{"line":490,"column":9}},"252":{"start":{"line":492,"column":6},"end":{"line":492,"column":69}},"253":{"start":{"line":493,"column":6},"end":{"line":493,"column":76}},"254":{"start":{"line":494,"column":6},"end":{"line":494,"column":112}},"255":{"start":{"line":495,"column":6},"end":{"line":495,"column":92}},"256":{"start":{"line":496,"column":6},"end":{"line":496,"column":84}},"257":{"start":{"line":497,"column":6},"end":{"line":497,"column":101}},"258":{"start":{"line":498,"column":6},"end":{"line":498,"column":103}},"259":{"start":{"line":499,"column":6},"end":{"line":499,"column":82}},"260":{"start":{"line":501,"column":6},"end":{"line":501,"column":97}},"261":{"start":{"line":502,"column":6},"end":{"line":502,"column":130}},"262":{"start":{"line":502,"column":96},"end":{"line":502,"column":127}},"263":{"start":{"line":504,"column":6},"end":{"line":509,"column":9}},"264":{"start":{"line":511,"column":6},"end":{"line":511,"column":71}},"265":{"start":{"line":513,"column":6},"end":{"line":513,"column":63}},"266":{"start":{"line":518,"column":2},"end":{"line":611,"column":5}},"267":{"start":{"line":519,"column":64},"end":{"line":519,"column":68}},"268":{"start":{"line":520,"column":21},"end":{"line":520,"column":45}},"269":{"start":{"line":522,"column":4},"end":{"line":522,"column":71}},"270":{"start":{"line":523,"column":4},"end":{"line":523,"column":57}},"271":{"start":{"line":524,"column":4},"end":{"line":524,"column":69}},"272":{"start":{"line":525,"column":4},"end":{"line":525,"column":78}},"273":{"start":{"line":526,"column":4},"end":{"line":526,"column":54}},"274":{"start":{"line":527,"column":4},"end":{"line":527,"column":60}},"275":{"start":{"line":528,"column":4},"end":{"line":528,"column":69}},"276":{"start":{"line":529,"column":4},"end":{"line":529,"column":62}},"277":{"start":{"line":530,"column":4},"end":{"line":530,"column":58}},"278":{"start":{"line":531,"column":4},"end":{"line":531,"column":54}},"279":{"start":{"line":532,"column":4},"end":{"line":532,"column":83}},"280":{"start":{"line":533,"column":4},"end":{"line":533,"column":111}},"281":{"start":{"line":534,"column":4},"end":{"line":534,"column":107}},"282":{"start":{"line":536,"column":4},"end":{"line":536,"column":26}},"283":{"start":{"line":539,"column":4},"end":{"line":546,"column":5}},"284":{"start":{"line":540,"column":25},"end":{"line":540,"column":54}},"285":{"start":{"line":541,"column":6},"end":{"line":545,"column":7}},"286":{"start":{"line":542,"column":8},"end":{"line":542,"column":68}},"287":{"start":{"line":544,"column":8},"end":{"line":544,"column":65}},"288":{"start":{"line":549,"column":4},"end":{"line":554,"column":7}},"289":{"start":{"line":557,"column":4},"end":{"line":561,"column":5}},"290":{"start":{"line":558,"column":6},"end":{"line":558,"column":58}},"291":{"start":{"line":559,"column":6},"end":{"line":559,"column":47}},"292":{"start":{"line":560,"column":6},"end":{"line":560,"column":115}},"293":{"start":{"line":564,"column":20},"end":{"line":564,"column":45}},"294":{"start":{"line":565,"column":4},"end":{"line":565,"column":57}},"295":{"start":{"line":568,"column":4},"end":{"line":568,"column":83}},"296":{"start":{"line":569,"column":23},"end":{"line":569,"column":52}},"297":{"start":{"line":570,"column":4},"end":{"line":570,"column":75}},"298":{"start":{"line":572,"column":4},"end":{"line":610,"column":5}},"299":{"start":{"line":573,"column":6},"end":{"line":573,"column":98}},"300":{"start":{"line":574,"column":6},"end":{"line":574,"column":95}},"301":{"start":{"line":576,"column":6},"end":{"line":595,"column":7}},"302":{"start":{"line":577,"column":8},"end":{"line":577,"column":94}},"303":{"start":{"line":578,"column":8},"end":{"line":578,"column":109}},"304":{"start":{"line":579,"column":8},"end":{"line":579,"column":100}},"305":{"start":{"line":580,"column":8},"end":{"line":580,"column":106}},"306":{"start":{"line":581,"column":8},"end":{"line":581,"column":90}},"307":{"start":{"line":582,"column":8},"end":{"line":582,"column":67}},"308":{"start":{"line":584,"column":8},"end":{"line":584,"column":76}},"309":{"start":{"line":585,"column":8},"end":{"line":585,"column":85}},"310":{"start":{"line":587,"column":8},"end":{"line":587,"column":103}},"311":{"start":{"line":590,"column":8},"end":{"line":592,"column":9}},"312":{"start":{"line":591,"column":10},"end":{"line":591,"column":46}},"313":{"start":{"line":594,"column":8},"end":{"line":594,"column":87}},"314":{"start":{"line":597,"column":6},"end":{"line":597,"column":82}},"315":{"start":{"line":598,"column":6},"end":{"line":598,"column":93}},"316":{"start":{"line":601,"column":30},"end":{"line":605,"column":7}},"317":{"start":{"line":606,"column":6},"end":{"line":606,"column":114}},"318":{"start":{"line":607,"column":6},"end":{"line":607,"column":66}},"319":{"start":{"line":608,"column":6},"end":{"line":608,"column":75}},"320":{"start":{"line":609,"column":6},"end":{"line":609,"column":99}},"321":{"start":{"line":614,"column":2},"end":{"line":654,"column":5}},"322":{"start":{"line":615,"column":100},"end":{"line":615,"column":104}},"323":{"start":{"line":616,"column":21},"end":{"line":616,"column":45}},"324":{"start":{"line":619,"column":22},"end":{"line":619,"column":64}},"325":{"start":{"line":620,"column":4},"end":{"line":624,"column":5}},"326":{"start":{"line":621,"column":6},"end":{"line":621,"column":100}},"327":{"start":{"line":622,"column":6},"end":{"line":622,"column":64}},"328":{"start":{"line":623,"column":6},"end":{"line":623,"column":13}},"329":{"start":{"line":627,"column":4},"end":{"line":627,"column":81}},"330":{"start":{"line":628,"column":4},"end":{"line":628,"column":101}},"331":{"start":{"line":629,"column":4},"end":{"line":629,"column":71}},"332":{"start":{"line":632,"column":20},"end":{"line":632,"column":68}},"333":{"start":{"line":633,"column":4},"end":{"line":636,"column":5}},"334":{"start":{"line":634,"column":6},"end":{"line":634,"column":60}},"335":{"start":{"line":635,"column":6},"end":{"line":635,"column":13}},"336":{"start":{"line":639,"column":20},"end":{"line":639,"column":45}},"337":{"start":{"line":642,"column":4},"end":{"line":648,"column":7}},"338":{"start":{"line":651,"column":4},"end":{"line":651,"column":57}},"339":{"start":{"line":653,"column":4},"end":{"line":653,"column":96}},"340":{"start":{"line":657,"column":2},"end":{"line":667,"column":5}},"341":{"start":{"line":658,"column":62},"end":{"line":658,"column":66}},"342":{"start":{"line":659,"column":21},"end":{"line":659,"column":45}},"343":{"start":{"line":661,"column":4},"end":{"line":661,"column":58}},"344":{"start":{"line":663,"column":4},"end":{"line":666,"column":7}},"345":{"start":{"line":669,"column":2},"end":{"line":703,"column":5}},"346":{"start":{"line":670,"column":49},"end":{"line":670,"column":53}},"347":{"start":{"line":671,"column":21},"end":{"line":671,"column":45}},"348":{"start":{"line":673,"column":4},"end":{"line":673,"column":74}},"349":{"start":{"line":676,"column":34},"end":{"line":676,"column":51}},"350":{"start":{"line":677,"column":4},"end":{"line":690,"column":5}},"351":{"start":{"line":678,"column":22},"end":{"line":678,"column":54}},"352":{"start":{"line":679,"column":6},"end":{"line":689,"column":7}},"353":{"start":{"line":680,"column":27},"end":{"line":680,"column":28}},"354":{"start":{"line":681,"column":8},"end":{"line":687,"column":11}},"355":{"start":{"line":682,"column":28},"end":{"line":682,"column":78}},"356":{"start":{"line":683,"column":10},"end":{"line":686,"column":11}},"357":{"start":{"line":684,"column":12},"end":{"line":684,"column":47}},"358":{"start":{"line":685,"column":12},"end":{"line":685,"column":27}},"359":{"start":{"line":688,"column":8},"end":{"line":688,"column":102}},"360":{"start":{"line":692,"column":23},"end":{"line":692,"column":52}},"361":{"start":{"line":693,"column":25},"end":{"line":697,"column":5}},"362":{"start":{"line":699,"column":4},"end":{"line":702,"column":7}},"363":{"start":{"line":706,"column":2},"end":{"line":761,"column":5}},"364":{"start":{"line":707,"column":50},"end":{"line":707,"column":54}},"365":{"start":{"line":708,"column":21},"end":{"line":708,"column":45}},"366":{"start":{"line":710,"column":4},"end":{"line":710,"column":56}},"367":{"start":{"line":711,"column":4},"end":{"line":711,"column":47}},"368":{"start":{"line":712,"column":4},"end":{"line":712,"column":53}},"369":{"start":{"line":713,"column":4},"end":{"line":713,"column":69}},"370":{"start":{"line":714,"column":4},"end":{"line":714,"column":51}},"371":{"start":{"line":717,"column":18},"end":{"line":717,"column":43}},"372":{"start":{"line":718,"column":4},"end":{"line":721,"column":5}},"373":{"start":{"line":719,"column":6},"end":{"line":719,"column":62}},"374":{"start":{"line":720,"column":6},"end":{"line":720,"column":13}},"375":{"start":{"line":724,"column":24},"end":{"line":724,"column":86}},"376":{"start":{"line":724,"column":58},"end":{"line":724,"column":85}},"377":{"start":{"line":725,"column":4},"end":{"line":728,"column":5}},"378":{"start":{"line":726,"column":6},"end":{"line":726,"column":79}},"379":{"start":{"line":727,"column":6},"end":{"line":727,"column":13}},"380":{"start":{"line":730,"column":25},"end":{"line":730,"column":51}},"381":{"start":{"line":731,"column":4},"end":{"line":731,"column":95}},"382":{"start":{"line":734,"column":4},"end":{"line":734,"column":41}},"383":{"start":{"line":735,"column":4},"end":{"line":735,"column":102}},"384":{"start":{"line":738,"column":4},"end":{"line":752,"column":5}},"385":{"start":{"line":739,"column":6},"end":{"line":739,"column":96}},"386":{"start":{"line":742,"column":27},"end":{"line":742,"column":72}},"387":{"start":{"line":743,"column":6},"end":{"line":746,"column":7}},"388":{"start":{"line":744,"column":8},"end":{"line":744,"column":37}},"389":{"start":{"line":745,"column":8},"end":{"line":745,"column":99}},"390":{"start":{"line":748,"column":6},"end":{"line":751,"column":9}},"391":{"start":{"line":755,"column":4},"end":{"line":755,"column":93}},"392":{"start":{"line":756,"column":4},"end":{"line":758,"column":7}},"393":{"start":{"line":760,"column":4},"end":{"line":760,"column":62}},"394":{"start":{"line":763,"column":2},"end":{"line":787,"column":5}},"395":{"start":{"line":764,"column":34},"end":{"line":764,"column":38}},"396":{"start":{"line":765,"column":21},"end":{"line":765,"column":45}},"397":{"start":{"line":767,"column":4},"end":{"line":767,"column":51}},"398":{"start":{"line":770,"column":20},"end":{"line":770,"column":52}},"399":{"start":{"line":771,"column":4},"end":{"line":784,"column":5}},"400":{"start":{"line":772,"column":25},"end":{"line":772,"column":26}},"401":{"start":{"line":773,"column":6},"end":{"line":782,"column":9}},"402":{"start":{"line":775,"column":8},"end":{"line":781,"column":9}},"403":{"start":{"line":775,"column":21},"end":{"line":775,"column":22}},"404":{"start":{"line":776,"column":28},"end":{"line":776,"column":58}},"405":{"start":{"line":777,"column":10},"end":{"line":780,"column":11}},"406":{"start":{"line":778,"column":12},"end":{"line":778,"column":47}},"407":{"start":{"line":779,"column":12},"end":{"line":779,"column":27}},"408":{"start":{"line":783,"column":6},"end":{"line":783,"column":91}},"409":{"start":{"line":786,"column":4},"end":{"line":786,"column":42}},"410":{"start":{"line":789,"column":2},"end":{"line":795,"column":5}},"411":{"start":{"line":790,"column":34},"end":{"line":790,"column":38}},"412":{"start":{"line":791,"column":21},"end":{"line":791,"column":45}},"413":{"start":{"line":793,"column":20},"end":{"line":793,"column":45}},"414":{"start":{"line":794,"column":4},"end":{"line":794,"column":48}},"415":{"start":{"line":798,"column":2},"end":{"line":807,"column":5}},"416":{"start":{"line":799,"column":49},"end":{"line":799,"column":53}},"417":{"start":{"line":800,"column":21},"end":{"line":800,"column":45}},"418":{"start":{"line":802,"column":4},"end":{"line":802,"column":70}},"419":{"start":{"line":804,"column":4},"end":{"line":806,"column":7}},"420":{"start":{"line":810,"column":2},"end":{"line":839,"column":5}},"421":{"start":{"line":811,"column":49},"end":{"line":811,"column":53}},"422":{"start":{"line":812,"column":21},"end":{"line":812,"column":45}},"423":{"start":{"line":814,"column":4},"end":{"line":814,"column":72}},"424":{"start":{"line":815,"column":4},"end":{"line":815,"column":48}},"425":{"start":{"line":816,"column":4},"end":{"line":816,"column":54}},"426":{"start":{"line":817,"column":4},"end":{"line":817,"column":62}},"427":{"start":{"line":818,"column":4},"end":{"line":818,"column":52}},"428":{"start":{"line":821,"column":24},"end":{"line":821,"column":74}},"429":{"start":{"line":822,"column":31},"end":{"line":822,"column":81}},"430":{"start":{"line":824,"column":4},"end":{"line":824,"column":68}},"431":{"start":{"line":825,"column":4},"end":{"line":825,"column":70}},"432":{"start":{"line":827,"column":25},"end":{"line":831,"column":5}},"433":{"start":{"line":833,"column":4},"end":{"line":833,"column":100}},"434":{"start":{"line":836,"column":4},"end":{"line":836,"column":61}},"435":{"start":{"line":838,"column":4},"end":{"line":838,"column":79}},"436":{"start":{"line":841,"column":2},"end":{"line":852,"column":5}},"437":{"start":{"line":842,"column":62},"end":{"line":842,"column":66}},"438":{"start":{"line":843,"column":21},"end":{"line":843,"column":45}},"439":{"start":{"line":845,"column":4},"end":{"line":845,"column":108}},"440":{"start":{"line":848,"column":4},"end":{"line":851,"column":7}},"441":{"start":{"line":854,"column":2},"end":{"line":865,"column":5}},"442":{"start":{"line":855,"column":34},"end":{"line":855,"column":38}},"443":{"start":{"line":856,"column":21},"end":{"line":856,"column":45}},"444":{"start":{"line":858,"column":4},"end":{"line":858,"column":88}},"445":{"start":{"line":861,"column":4},"end":{"line":864,"column":7}},"446":{"start":{"line":867,"column":2},"end":{"line":914,"column":5}},"447":{"start":{"line":868,"column":62},"end":{"line":868,"column":66}},"448":{"start":{"line":869,"column":21},"end":{"line":869,"column":45}},"449":{"start":{"line":871,"column":4},"end":{"line":871,"column":79}},"450":{"start":{"line":874,"column":18},"end":{"line":874,"column":43}},"451":{"start":{"line":875,"column":23},"end":{"line":875,"column":52}},"452":{"start":{"line":878,"column":25},"end":{"line":882,"column":5}},"453":{"start":{"line":884,"column":31},"end":{"line":884,"column":62}},"454":{"start":{"line":886,"column":4},"end":{"line":886,"column":58}},"455":{"start":{"line":887,"column":4},"end":{"line":887,"column":68}},"456":{"start":{"line":888,"column":4},"end":{"line":888,"column":91}},"457":{"start":{"line":890,"column":4},"end":{"line":913,"column":5}},"458":{"start":{"line":892,"column":6},"end":{"line":892,"column":104}},"459":{"start":{"line":895,"column":26},"end":{"line":895,"column":76}},"460":{"start":{"line":896,"column":33},"end":{"line":896,"column":83}},"461":{"start":{"line":898,"column":27},"end":{"line":902,"column":7}},"462":{"start":{"line":904,"column":6},"end":{"line":904,"column":70}},"463":{"start":{"line":905,"column":6},"end":{"line":905,"column":63}},"464":{"start":{"line":908,"column":6},"end":{"line":908,"column":94}},"465":{"start":{"line":909,"column":6},"end":{"line":912,"column":9}},"466":{"start":{"line":917,"column":2},"end":{"line":956,"column":5}},"467":{"start":{"line":918,"column":4},"end":{"line":918,"column":62}},"468":{"start":{"line":921,"column":4},"end":{"line":955,"column":7}},"469":{"start":{"line":922,"column":26},"end":{"line":922,"column":80}},"470":{"start":{"line":922,"column":55},"end":{"line":922,"column":79}},"471":{"start":{"line":923,"column":6},"end":{"line":954,"column":7}},"472":{"start":{"line":924,"column":30},"end":{"line":924,"column":69}},"473":{"start":{"line":925,"column":8},"end":{"line":925,"column":96}},"474":{"start":{"line":928,"column":8},"end":{"line":952,"column":9}},"475":{"start":{"line":929,"column":10},"end":{"line":929,"column":39}},"476":{"start":{"line":930,"column":10},"end":{"line":930,"column":61}},"477":{"start":{"line":934,"column":10},"end":{"line":934,"column":96}},"478":{"start":{"line":935,"column":10},"end":{"line":935,"column":105}},"479":{"start":{"line":936,"column":10},"end":{"line":940,"column":11}},"480":{"start":{"line":937,"column":12},"end":{"line":937,"column":120}},"481":{"start":{"line":939,"column":12},"end":{"line":939,"column":48}},"482":{"start":{"line":943,"column":10},"end":{"line":943,"column":46}},"483":{"start":{"line":945,"column":10},"end":{"line":945,"column":83}},"484":{"start":{"line":948,"column":10},"end":{"line":951,"column":13}},"485":{"start":{"line":953,"column":8},"end":{"line":953,"column":15}},"486":{"start":{"line":960,"column":0},"end":{"line":969,"column":5}},"487":{"start":{"line":961,"column":2},"end":{"line":968,"column":3}},"488":{"start":{"line":962,"column":4},"end":{"line":962,"column":64}},"489":{"start":{"line":963,"column":23},"end":{"line":963,"column":49}},"490":{"start":{"line":964,"column":4},"end":{"line":964,"column":59}},"491":{"start":{"line":965,"column":4},"end":{"line":965,"column":25}},"492":{"start":{"line":967,"column":4},"end":{"line":967,"column":72}},"493":{"start":{"line":972,"column":13},"end":{"line":972,"column":37}},"494":{"start":{"line":973,"column":0},"end":{"line":976,"column":3}},"495":{"start":{"line":974,"column":2},"end":{"line":974,"column":56}},"496":{"start":{"line":975,"column":2},"end":{"line":975,"column":72}}},"fnMap":{"0":{"name":"initializeGameSession","decl":{"start":{"line":38,"column":9},"end":{"line":38,"column":30}},"loc":{"start":{"line":38,"column":59},"end":{"line":67,"column":1}},"line":38},"1":{"name":"(anonymous_1)","decl":{"start":{"line":44,"column":27},"end":{"line":44,"column":28}},"loc":{"start":{"line":44,"column":46},"end":{"line":63,"column":3}},"line":44},"2":{"name":"updatePlayerScore","decl":{"start":{"line":69,"column":9},"end":{"line":69,"column":26}},"loc":{"start":{"line":69,"column":58},"end":{"line":92,"column":1}},"line":69},"3":{"name":"getPlayersArray","decl":{"start":{"line":94,"column":9},"end":{"line":94,"column":24}},"loc":{"start":{"line":94,"column":35},"end":{"line":111,"column":1}},"line":94},"4":{"name":"(anonymous_4)","decl":{"start":{"line":106,"column":23},"end":{"line":106,"column":24}},"loc":{"start":{"line":106,"column":42},"end":{"line":108,"column":3}},"line":106},"5":{"name":"addOrUpdatePlayer","decl":{"start":{"line":113,"column":9},"end":{"line":113,"column":26}},"loc":{"start":{"line":113,"column":49},"end":{"line":192,"column":1}},"line":113},"6":{"name":"(anonymous_6)","decl":{"start":{"line":125,"column":49},"end":{"line":125,"column":50}},"loc":{"start":{"line":125,"column":59},"end":{"line":127,"column":5}},"line":125},"7":{"name":"(anonymous_7)","decl":{"start":{"line":154,"column":67},"end":{"line":154,"column":68}},"loc":{"start":{"line":154,"column":72},"end":{"line":154,"column":78}},"line":154},"8":{"name":"scheduleTransitionCleanup","decl":{"start":{"line":195,"column":9},"end":{"line":195,"column":34}},"loc":{"start":{"line":195,"column":45},"end":{"line":220,"column":1}},"line":195},"9":{"name":"(anonymous_9)","decl":{"start":{"line":205,"column":27},"end":{"line":205,"column":28}},"loc":{"start":{"line":205,"column":33},"end":{"line":217,"column":3}},"line":205},"10":{"name":"calculateAnswerStatistics","decl":{"start":{"line":223,"column":9},"end":{"line":223,"column":34}},"loc":{"start":{"line":223,"column":60},"end":{"line":272,"column":1}},"line":223},"11":{"name":"(anonymous_11)","decl":{"start":{"line":252,"column":65},"end":{"line":252,"column":66}},"loc":{"start":{"line":252,"column":70},"end":{"line":252,"column":145}},"line":252},"12":{"name":"(anonymous_12)","decl":{"start":{"line":257,"column":26},"end":{"line":257,"column":27}},"loc":{"start":{"line":257,"column":40},"end":{"line":262,"column":3}},"line":257},"13":{"name":"(anonymous_13)","decl":{"start":{"line":265,"column":39},"end":{"line":265,"column":40}},"loc":{"start":{"line":265,"column":57},"end":{"line":268,"column":3}},"line":265},"14":{"name":"getCorrectAnswerIndex","decl":{"start":{"line":274,"column":15},"end":{"line":274,"column":36}},"loc":{"start":{"line":274,"column":60},"end":{"line":335,"column":1}},"line":274},"15":{"name":"(anonymous_15)","decl":{"start":{"line":295,"column":25},"end":{"line":295,"column":26}},"loc":{"start":{"line":295,"column":32},"end":{"line":309,"column":5}},"line":295},"16":{"name":"(anonymous_16)","decl":{"start":{"line":312,"column":57},"end":{"line":312,"column":58}},"loc":{"start":{"line":312,"column":67},"end":{"line":312,"column":78}},"line":312},"17":{"name":"(anonymous_17)","decl":{"start":{"line":320,"column":65},"end":{"line":320,"column":66}},"loc":{"start":{"line":320,"column":75},"end":{"line":320,"column":98}},"line":320},"18":{"name":"(anonymous_18)","decl":{"start":{"line":347,"column":8},"end":{"line":347,"column":9}},"loc":{"start":{"line":347,"column":28},"end":{"line":350,"column":1}},"line":347},"19":{"name":"(anonymous_19)","decl":{"start":{"line":362,"column":20},"end":{"line":362,"column":21}},"loc":{"start":{"line":362,"column":32},"end":{"line":957,"column":1}},"line":362},"20":{"name":"(anonymous_20)","decl":{"start":{"line":367,"column":26},"end":{"line":367,"column":27}},"loc":{"start":{"line":367,"column":36},"end":{"line":440,"column":3}},"line":367},"21":{"name":"(anonymous_21)","decl":{"start":{"line":390,"column":46},"end":{"line":390,"column":47}},"loc":{"start":{"line":390,"column":51},"end":{"line":390,"column":68}},"line":390},"22":{"name":"(anonymous_22)","decl":{"start":{"line":443,"column":26},"end":{"line":443,"column":27}},"loc":{"start":{"line":443,"column":36},"end":{"line":515,"column":3}},"line":443},"23":{"name":"(anonymous_23)","decl":{"start":{"line":468,"column":53},"end":{"line":468,"column":54}},"loc":{"start":{"line":468,"column":67},"end":{"line":485,"column":7}},"line":468},"24":{"name":"(anonymous_24)","decl":{"start":{"line":502,"column":91},"end":{"line":502,"column":92}},"loc":{"start":{"line":502,"column":96},"end":{"line":502,"column":127}},"line":502},"25":{"name":"(anonymous_25)","decl":{"start":{"line":518,"column":33},"end":{"line":518,"column":34}},"loc":{"start":{"line":518,"column":43},"end":{"line":611,"column":3}},"line":518},"26":{"name":"(anonymous_26)","decl":{"start":{"line":614,"column":29},"end":{"line":614,"column":30}},"loc":{"start":{"line":614,"column":39},"end":{"line":654,"column":3}},"line":614},"27":{"name":"(anonymous_27)","decl":{"start":{"line":657,"column":40},"end":{"line":657,"column":41}},"loc":{"start":{"line":657,"column":50},"end":{"line":667,"column":3}},"line":657},"28":{"name":"(anonymous_28)","decl":{"start":{"line":669,"column":37},"end":{"line":669,"column":38}},"loc":{"start":{"line":669,"column":47},"end":{"line":703,"column":3}},"line":669},"29":{"name":"(anonymous_29)","decl":{"start":{"line":681,"column":32},"end":{"line":681,"column":33}},"loc":{"start":{"line":681,"column":54},"end":{"line":687,"column":9}},"line":681},"30":{"name":"(anonymous_30)","decl":{"start":{"line":706,"column":27},"end":{"line":706,"column":28}},"loc":{"start":{"line":706,"column":37},"end":{"line":761,"column":3}},"line":706},"31":{"name":"(anonymous_31)","decl":{"start":{"line":724,"column":48},"end":{"line":724,"column":49}},"loc":{"start":{"line":724,"column":58},"end":{"line":724,"column":85}},"line":724},"32":{"name":"(anonymous_32)","decl":{"start":{"line":763,"column":37},"end":{"line":763,"column":38}},"loc":{"start":{"line":763,"column":47},"end":{"line":787,"column":3}},"line":763},"33":{"name":"(anonymous_33)","decl":{"start":{"line":773,"column":30},"end":{"line":773,"column":31}},"loc":{"start":{"line":773,"column":52},"end":{"line":782,"column":7}},"line":773},"34":{"name":"(anonymous_34)","decl":{"start":{"line":789,"column":36},"end":{"line":789,"column":37}},"loc":{"start":{"line":789,"column":46},"end":{"line":795,"column":3}},"line":789},"35":{"name":"(anonymous_35)","decl":{"start":{"line":798,"column":30},"end":{"line":798,"column":31}},"loc":{"start":{"line":798,"column":40},"end":{"line":807,"column":3}},"line":798},"36":{"name":"(anonymous_36)","decl":{"start":{"line":810,"column":33},"end":{"line":810,"column":34}},"loc":{"start":{"line":810,"column":49},"end":{"line":839,"column":3}},"line":810},"37":{"name":"(anonymous_37)","decl":{"start":{"line":841,"column":43},"end":{"line":841,"column":44}},"loc":{"start":{"line":841,"column":53},"end":{"line":852,"column":3}},"line":841},"38":{"name":"(anonymous_38)","decl":{"start":{"line":854,"column":26},"end":{"line":854,"column":27}},"loc":{"start":{"line":854,"column":36},"end":{"line":865,"column":3}},"line":854},"39":{"name":"(anonymous_39)","decl":{"start":{"line":867,"column":23},"end":{"line":867,"column":24}},"loc":{"start":{"line":867,"column":39},"end":{"line":914,"column":3}},"line":867},"40":{"name":"(anonymous_40)","decl":{"start":{"line":917,"column":26},"end":{"line":917,"column":27}},"loc":{"start":{"line":917,"column":32},"end":{"line":956,"column":3}},"line":917},"41":{"name":"(anonymous_41)","decl":{"start":{"line":921,"column":24},"end":{"line":921,"column":25}},"loc":{"start":{"line":921,"column":45},"end":{"line":955,"column":5}},"line":921},"42":{"name":"(anonymous_42)","decl":{"start":{"line":922,"column":50},"end":{"line":922,"column":51}},"loc":{"start":{"line":922,"column":55},"end":{"line":922,"column":79}},"line":922},"43":{"name":"(anonymous_43)","decl":{"start":{"line":960,"column":1},"end":{"line":960,"column":2}},"loc":{"start":{"line":960,"column":13},"end":{"line":969,"column":1}},"line":960},"44":{"name":"(anonymous_44)","decl":{"start":{"line":973,"column":20},"end":{"line":973,"column":21}},"loc":{"start":{"line":973,"column":26},"end":{"line":976,"column":1}},"line":973}},"branchMap":{"0":{"loc":{"start":{"line":8,"column":28},"end":{"line":8,"column":75}},"type":"cond-expr","locations":[{"start":{"line":8,"column":54},"end":{"line":8,"column":61}},{"start":{"line":8,"column":64},"end":{"line":8,"column":75}}],"line":8},"1":{"loc":{"start":{"line":53,"column":12},"end":{"line":53,"column":42}},"type":"binary-expr","locations":[{"start":{"line":53,"column":12},"end":{"line":53,"column":23}},{"start":{"line":53,"column":27},"end":{"line":53,"column":42}}],"line":53},"2":{"loc":{"start":{"line":55,"column":14},"end":{"line":55,"column":36}},"type":"binary-expr","locations":[{"start":{"line":55,"column":14},"end":{"line":55,"column":27}},{"start":{"line":55,"column":31},"end":{"line":55,"column":36}}],"line":55},"3":{"loc":{"start":{"line":56,"column":16},"end":{"line":56,"column":39}},"type":"binary-expr","locations":[{"start":{"line":56,"column":16},"end":{"line":56,"column":31}},{"start":{"line":56,"column":35},"end":{"line":56,"column":39}}],"line":56},"4":{"loc":{"start":{"line":73,"column":2},"end":{"line":76,"column":3}},"type":"if","locations":[{"start":{"line":73,"column":2},"end":{"line":76,"column":3}},{"start":{},"end":{}}],"line":73},"5":{"loc":{"start":{"line":79,"column":2},"end":{"line":83,"column":3}},"type":"if","locations":[{"start":{"line":79,"column":2},"end":{"line":83,"column":3}},{"start":{},"end":{}}],"line":79},"6":{"loc":{"start":{"line":86,"column":2},"end":{"line":88,"column":3}},"type":"if","locations":[{"start":{"line":86,"column":2},"end":{"line":88,"column":3}},{"start":{},"end":{}}],"line":86},"7":{"loc":{"start":{"line":99,"column":2},"end":{"line":102,"column":3}},"type":"if","locations":[{"start":{"line":99,"column":2},"end":{"line":102,"column":3}},{"start":{},"end":{}}],"line":99},"8":{"loc":{"start":{"line":119,"column":2},"end":{"line":128,"column":3}},"type":"if","locations":[{"start":{"line":119,"column":2},"end":{"line":128,"column":3}},{"start":{"line":123,"column":9},"end":{"line":128,"column":3}}],"line":119},"9":{"loc":{"start":{"line":131,"column":2},"end":{"line":191,"column":3}},"type":"if","locations":[{"start":{"line":131,"column":2},"end":{"line":191,"column":3}},{"start":{"line":149,"column":9},"end":{"line":191,"column":3}}],"line":131},"10":{"loc":{"start":{"line":143,"column":30},"end":{"line":143,"column":76}},"type":"binary-expr","locations":[{"start":{"line":143,"column":30},"end":{"line":143,"column":49}},{"start":{"line":143,"column":53},"end":{"line":143,"column":76}}],"line":143},"11":{"loc":{"start":{"line":144,"column":28},"end":{"line":144,"column":103}},"type":"cond-expr","locations":[{"start":{"line":144,"column":62},"end":{"line":144,"column":79}},{"start":{"line":144,"column":82},"end":{"line":144,"column":103}}],"line":144},"12":{"loc":{"start":{"line":169,"column":4},"end":{"line":175,"column":5}},"type":"if","locations":[{"start":{"line":169,"column":4},"end":{"line":175,"column":5}},{"start":{"line":173,"column":11},"end":{"line":175,"column":5}}],"line":169},"13":{"loc":{"start":{"line":182,"column":14},"end":{"line":182,"column":40}},"type":"binary-expr","locations":[{"start":{"line":182,"column":14},"end":{"line":182,"column":31}},{"start":{"line":182,"column":35},"end":{"line":182,"column":40}}],"line":182},"14":{"loc":{"start":{"line":183,"column":16},"end":{"line":183,"column":43}},"type":"binary-expr","locations":[{"start":{"line":183,"column":16},"end":{"line":183,"column":35}},{"start":{"line":183,"column":39},"end":{"line":183,"column":43}}],"line":183},"15":{"loc":{"start":{"line":199,"column":2},"end":{"line":202,"column":3}},"type":"if","locations":[{"start":{"line":199,"column":2},"end":{"line":202,"column":3}},{"start":{},"end":{}}],"line":199},"16":{"loc":{"start":{"line":206,"column":4},"end":{"line":216,"column":5}},"type":"if","locations":[{"start":{"line":206,"column":4},"end":{"line":216,"column":5}},{"start":{},"end":{}}],"line":206},"17":{"loc":{"start":{"line":227,"column":2},"end":{"line":235,"column":3}},"type":"if","locations":[{"start":{"line":227,"column":2},"end":{"line":235,"column":3}},{"start":{},"end":{}}],"line":227},"18":{"loc":{"start":{"line":246,"column":4},"end":{"line":248,"column":5}},"type":"if","locations":[{"start":{"line":246,"column":4},"end":{"line":248,"column":5}},{"start":{},"end":{}}],"line":246},"19":{"loc":{"start":{"line":246,"column":8},"end":{"line":246,"column":75}},"type":"binary-expr","locations":[{"start":{"line":246,"column":8},"end":{"line":246,"column":38}},{"start":{"line":246,"column":42},"end":{"line":246,"column":75}}],"line":246},"20":{"loc":{"start":{"line":252,"column":103},"end":{"line":252,"column":142}},"type":"cond-expr","locations":[{"start":{"line":252,"column":117},"end":{"line":252,"column":127}},{"start":{"line":252,"column":130},"end":{"line":252,"column":142}}],"line":252},"21":{"loc":{"start":{"line":259,"column":4},"end":{"line":261,"column":5}},"type":"if","locations":[{"start":{"line":259,"column":4},"end":{"line":261,"column":5}},{"start":{},"end":{}}],"line":259},"22":{"loc":{"start":{"line":259,"column":8},"end":{"line":259,"column":44}},"type":"binary-expr","locations":[{"start":{"line":259,"column":8},"end":{"line":259,"column":24}},{"start":{"line":259,"column":28},"end":{"line":259,"column":44}}],"line":259},"23":{"loc":{"start":{"line":266,"column":23},"end":{"line":266,"column":86}},"type":"cond-expr","locations":[{"start":{"line":266,"column":42},"end":{"line":266,"column":82}},{"start":{"line":266,"column":85},"end":{"line":266,"column":86}}],"line":266},"24":{"loc":{"start":{"line":288,"column":4},"end":{"line":291,"column":5}},"type":"if","locations":[{"start":{"line":288,"column":4},"end":{"line":291,"column":5}},{"start":{},"end":{}}],"line":288},"25":{"loc":{"start":{"line":296,"column":6},"end":{"line":302,"column":7}},"type":"if","locations":[{"start":{"line":296,"column":6},"end":{"line":302,"column":7}},{"start":{},"end":{}}],"line":296},"26":{"loc":{"start":{"line":303,"column":6},"end":{"line":308,"column":7}},"type":"if","locations":[{"start":{"line":303,"column":6},"end":{"line":308,"column":7}},{"start":{},"end":{}}],"line":303},"27":{"loc":{"start":{"line":314,"column":4},"end":{"line":317,"column":5}},"type":"if","locations":[{"start":{"line":314,"column":4},"end":{"line":317,"column":5}},{"start":{},"end":{}}],"line":314},"28":{"loc":{"start":{"line":322,"column":4},"end":{"line":325,"column":5}},"type":"if","locations":[{"start":{"line":322,"column":4},"end":{"line":325,"column":5}},{"start":{},"end":{}}],"line":322},"29":{"loc":{"start":{"line":373,"column":4},"end":{"line":387,"column":5}},"type":"if","locations":[{"start":{"line":373,"column":4},"end":{"line":387,"column":5}},{"start":{},"end":{}}],"line":373},"30":{"loc":{"start":{"line":392,"column":4},"end":{"line":439,"column":5}},"type":"if","locations":[{"start":{"line":392,"column":4},"end":{"line":439,"column":5}},{"start":{"line":420,"column":11},"end":{"line":439,"column":5
[...]
rt":{"line":132,"column":4},"end":{"line":132,"column":25}},"50":{"start":{"line":139,"column":0},"end":{"line":255,"column":3}},"51":{"start":{"line":140,"column":17},"end":{"line":140,"column":30}},"52":{"start":{"line":141,"column":27},"end":{"line":141,"column":38}},"53":{"start":{"line":142,"column":72},"end":{"line":142,"column":80}},"54":{"start":{"line":143,"column":16},"end":{"line":143,"column":58}},"55":{"start":{"line":145,"column":2},"end":{"line":145,"column":100}},"56":{"start":{"line":148,"column":2},"end":{"line":151,"column":3}},"57":{"start":{"line":149,"column":4},"end":{"line":149,"column":113}},"58":{"start":{"line":150,"column":4},"end":{"line":150,"column":86}},"59":{"start":{"line":153,"column":21},"end":{"line":153,"column":47}},"60":{"start":{"line":154,"column":2},"end":{"line":254,"column":3}},"61":{"start":{"line":155,"column":4},"end":{"line":155,"column":40}},"62":{"start":{"line":158,"column":20},"end":{"line":161,"column":5}},"63":{"start":{"line":163,"column":4},"end":{"line":167,"column":5}},"64":{"start":{"line":164,"column":6},"end":{"line":164,"column":34}},"65":{"start":{"line":165,"column":6},"end":{"line":165,"column":78}},"66":{"start":{"line":166,"column":6},"end":{"line":166,"column":68}},"67":{"start":{"line":169,"column":23},"end":{"line":169,"column":31}},"68":{"start":{"line":170,"column":4},"end":{"line":174,"column":5}},"69":{"start":{"line":171,"column":6},"end":{"line":171,"column":34}},"70":{"start":{"line":172,"column":6},"end":{"line":172,"column":78}},"71":{"start":{"line":173,"column":6},"end":{"line":173,"column":102}},"72":{"start":{"line":177,"column":24},"end":{"line":177,"column":68}},"73":{"start":{"line":180,"column":31},"end":{"line":187,"column":5}},"74":{"start":{"line":189,"column":4},"end":{"line":242,"column":5}},"75":{"start":{"line":190,"column":6},"end":{"line":190,"column":82}},"76":{"start":{"line":192,"column":6},"end":{"line":197,"column":109}},"77":{"start":{"line":199,"column":30},"end":{"line":199,"column":49}},"78":{"start":{"line":202,"column":6},"end":{"line":210,"column":7}},"79":{"start":{"line":205,"column":8},"end":{"line":205,"column":36}},"80":{"start":{"line":206,"column":8},"end":{"line":206,"column":105}},"81":{"start":{"line":207,"column":8},"end":{"line":209,"column":11}},"82":{"start":{"line":212,"column":6},"end":{"line":212,"column":113}},"83":{"start":{"line":215,"column":29},"end":{"line":215,"column":31}},"84":{"start":{"line":216,"column":6},"end":{"line":216,"column":75}},"85":{"start":{"line":216,"column":36},"end":{"line":216,"column":75}},"86":{"start":{"line":217,"column":6},"end":{"line":217,"column":72}},"87":{"start":{"line":217,"column":35},"end":{"line":217,"column":72}},"88":{"start":{"line":218,"column":6},"end":{"line":218,"column":60}},"89":{"start":{"line":218,"column":31},"end":{"line":218,"column":60}},"90":{"start":{"line":219,"column":6},"end":{"line":219,"column":75}},"91":{"start":{"line":219,"column":36},"end":{"line":219,"column":75}},"92":{"start":{"line":220,"column":6},"end":{"line":220,"column":54}},"93":{"start":{"line":220,"column":29},"end":{"line":220,"column":54}},"94":{"start":{"line":221,"column":6},"end":{"line":221,"column":75}},"95":{"start":{"line":221,"column":36},"end":{"line":221,"column":75}},"96":{"start":{"line":224,"column":6},"end":{"line":224,"column":45}},"97":{"start":{"line":225,"column":6},"end":{"line":225,"column":41}},"98":{"start":{"line":226,"column":6},"end":{"line":226,"column":57}},"99":{"start":{"line":227,"column":6},"end":{"line":227,"column":51}},"100":{"start":{"line":228,"column":6},"end":{"line":228,"column":54}},"101":{"start":{"line":231,"column":27},"end":{"line":231,"column":54}},"102":{"start":{"line":232,"column":27},"end":{"line":232,"column":56}},"103":{"start":{"line":233,"column":24},"end":{"line":233,"column":76}},"104":{"start":{"line":233,"column":50},"end":{"line":233,"column":64}},"105":{"start":{"line":235,"column":6},"end":{"line":239,"column":56}},"106":{"start":{"line":241,"column":6},"end":{"line":241,"column":87}},"107":{"start":{"line":244,"column":4},"end":{"line":244,"column":30}},"108":{"start":{"line":245,"column":4},"end":{"line":245,"column":114}},"109":{"start":{"line":246,"column":4},"end":{"line":246,"column":58}},"110":{"start":{"line":249,"column":4},"end":{"line":249,"column":32}},"111":{"start":{"line":250,"column":4},"end":{"line":250,"column":99}},"112":{"start":{"line":251,"column":4},"end":{"line":251,"column":56}},"113":{"start":{"line":253,"column":4},"end":{"line":253,"column":25}},"114":{"start":{"line":258,"column":0},"end":{"line":258,"column":36}},"115":{"start":{"line":263,"column":0},"end":{"line":274,"column":3}},"116":{"start":{"line":264,"column":2},"end":{"line":264,"column":93}},"117":{"start":{"line":265,"column":2},"end":{"line":265,"column":79}},"118":{"start":{"line":266,"column":2},"end":{"line":273,"column":3}},"119":{"start":{"line":267,"column":20},"end":{"line":267,"column":128}},"120":{"start":{"line":268,"column":4},"end":{"line":268,"column":80}},"121":{"start":{"line":269,"column":4},"end":{"line":269,"column":20}},"122":{"start":{"line":271,"column":4},"end":{"line":271,"column":71}},"123":{"start":{"line":272,"column":4},"end":{"line":272,"column":47}},"124":{"start":{"line":279,"column":0},"end":{"line":318,"column":3}},"125":{"start":{"line":280,"column":74},"end":{"line":280,"column":82}},"126":{"start":{"line":283,"column":2},"end":{"line":285,"column":3}},"127":{"start":{"line":284,"column":4},"end":{"line":284,"column":91}},"128":{"start":{"line":287,"column":2},"end":{"line":317,"column":3}},"129":{"start":{"line":289,"column":28},"end":{"line":289,"column":118}},"130":{"start":{"line":290,"column":4},"end":{"line":292,"column":5}},"131":{"start":{"line":291,"column":6},"end":{"line":291,"column":82}},"132":{"start":{"line":295,"column":17},"end":{"line":295,"column":41}},"133":{"start":{"line":296,"column":26},"end":{"line":296,"column":59}},"134":{"start":{"line":299,"column":21},"end":{"line":302,"column":5}},"135":{"start":{"line":304,"column":20},"end":{"line":310,"column":5}},"136":{"start":{"line":312,"column":4},"end":{"line":312,"column":34}},"137":{"start":{"line":315,"column":4},"end":{"line":315,"column":31}},"138":{"start":{"line":316,"column":4},"end":{"line":316,"column":47}},"139":{"start":{"line":323,"column":0},"end":{"line":352,"column":3}},"140":{"start":{"line":324,"column":44},"end":{"line":324,"column":52}},"141":{"start":{"line":325,"column":17},"end":{"line":325,"column":30}},"142":{"start":{"line":327,"column":2},"end":{"line":351,"column":3}},"143":{"start":{"line":328,"column":19},"end":{"line":328,"column":81}},"144":{"start":{"line":329,"column":4},"end":{"line":331,"column":5}},"145":{"start":{"line":330,"column":6},"end":{"line":330,"column":68}},"146":{"start":{"line":334,"column":25},"end":{"line":334,"column":27}},"147":{"start":{"line":335,"column":4},"end":{"line":335,"column":51}},"148":{"start":{"line":335,"column":18},"end":{"line":335,"column":51}},"149":{"start":{"line":336,"column":4},"end":{"line":336,"column":42}},"150":{"start":{"line":336,"column":15},"end":{"line":336,"column":42}},"151":{"start":{"line":337,"column":4},"end":{"line":337,"column":39}},"152":{"start":{"line":337,"column":14},"end":{"line":337,"column":39}},"153":{"start":{"line":338,"column":4},"end":{"line":338,"column":45}},"154":{"start":{"line":338,"column":16},"end":{"line":338,"column":45}},"155":{"start":{"line":340,"column":4},"end":{"line":342,"column":5}},"156":{"start":{"line":341,"column":8},"end":{"line":341,"column":93}},"157":{"start":{"line":344,"column":4},"end":{"line":344,"column":80}},"158":{"start":{"line":346,"column":4},"end":{"line":346,"column":59}},"159":{"start":{"line":349,"column":4},"end":{"line":349,"column":31}},"160":{"start":{"line":350,"column":4},"end":{"line":350,"column":47}},"161":{"start":{"line":357,"column":0},"end":{"line":407,"column":3}},"162":{"start":{"line":358,"column":19},"end":{"line":358,"column":32}},"163":{"start":{"line":361,"column":4},"end":{"line":363,"column":5}},"164":{"start":{"line":362,"column":8},"end":{"line":362,"column":83}},"165":{"start":{"line":365,"column":23},"end":{"line":365,"column":49}},"166":{"start":{"line":366,"column":4},"end":{"line":406,"column":5}},"167":{"start":{"line":367,"column":8},"end":{"line":367,"column":44}},"168":{"start":{"line":370,"column":28},"end":{"line":373,"column":9}},"169":{"start":{"line":375,"column":8},"end":{"line":378,"column":9}},"170":{"start":{"line":376,"column":12},"end":{"line":376,"column":40}},"171":{"start":{"line":377,"column":12},"end":{"line":377,"column":74}},"172":{"start":{"line":381,"column":25},"end":{"line":384,"column":9}},"173":{"start":{"line":386,"column":8},"end":{"line":389,"column":9}},"174":{"start":{"line":387,"column":12},"end":{"line":387,"column":40}},"175":{"start":{"line":388,"column":12},"end":{"line":388,"column":74}},"176":{"start":{"line":392,"column":8},"end":{"line":395,"column":10}},"177":{"start":{"line":397,"column":8},"end":{"line":397,"column":34}},"178":{"start":{"line":398,"column":8},"end":{"line":398,"column":63}},"179":{"start":{"line":401,"column":8},"end":{"line":401,"column":36}},"180":{"start":{"line":402,"column":8},"end":{"line":402,"column":67}},"181":{"start":{"line":403,"column":8},"end":{"line":403,"column":51}},"182":{"start":{"line":405,"column":8},"end":{"line":405,"column":29}},"183":{"start":{"line":409,"column":0},"end":{"line":409,"column":24}}},"fnMap":{"0":{"name":"(anonymous_0)","decl":{"start":{"line":9,"column":28},"end":{"line":9,"column":29}},"loc":{"start":{"line":9,"column":47},"end":{"line":12,"column":1}},"line":9},"1":{"name":"(anonymous_1)","decl":{"start":{"line":15,"column":30},"end":{"line":15,"column":31}},"loc":{"start":{"line":15,"column":77},"end":{"line":18,"column":1}},"line":15},"2":{"name":"(anonymous_2)","decl":{"start":{"line":24,"column":43},"end":{"line":24,"column":44}},"loc":{"start":{"line":24,"column":63},"end":{"line":134,"column":1}},"line":24},"3":{"name":"(anonymous_3)","decl":{"start":{"line":139,"column":43},"end":{"line":139,"column":44}},"loc":{"start":{"line":139,"column":63},"end":{"line":255,"column":1}},"line":139},"4":{"name":"(anonymous_4)","decl":{"start":{"line":233,"column":41},"end":{"line":233,"column":42}},"loc":{"start":{"line":233,"column":50},"end":{"line":233,"column":64}},"line":233},"5":{"name":"(anonymous_5)","decl":{"start":{"line":263,"column":16},"end":{"line":263,"column":17}},"loc":{"start":{"line":263,"column":36},"end":{"line":274,"column":1}},"line":263},"6":{"name":"(anonymous_6)","decl":{"start":{"line":279,"column":17},"end":{"line":279,"column":18}},"loc":{"start":{"line":279,"column":37},"end":{"line":318,"column":1}},"line":279},"7":{"name":"(anonymous_7)","decl":{"start":{"line":323,"column":19},"end":{"line":323,"column":20}},"loc":{"start":{"line":323,"column":39},"end":{"line":352,"column":1}},"line":323},"8":{"name":"(anonymous_8)","decl":{"start":{"line":357,"column":22},"end":{"line":357,"column":23}},"loc":{"start":{"line":357,"column":42},"end":{"line":407,"column":1}},"line":357}},"branchMap":{"0":{"loc":{"start":{"line":10,"column":2},"end":{"line":10,"column":37}},"type":"if","locations":[{"start":{"line":10,"column":2},"end":{"line":10,"column":37}},{"start":{},"end":{}}],"line":10},"1":{"loc":{"start":{"line":10,"column":6},"end":{"line":10,"column":23}},"type":"binary-expr","locations":[{"start":{"line":10,"column":6},"end":{"line":10,"column":12}},{"start":{"line":10,"column":16},"end":{"line":10,"column":23}}],"line":10},"2":{"loc":{"start":{"line":17,"column":9},"end":{"line":17,"column":89}},"type":"binary-expr","locations":[{"start":{"line":17,"column":9},"end":{"line":17,"column":65}},{"start":{"line":17,"column":69},"end":{"line":17,"column":89}}],"line":17},"3":{"loc":{"start":{"line":32,"column":2},"end":{"line":35,"column":3}},"type":"if","locations":[{"start":{"line":32,"column":2},"end":{"line":35,"column":3}},{"start":{},"end":{}}],"line":32},"4":{"loc":{"start":{"line":47,"column":4},"end":{"line":51,"column":5}},"type":"if","locations":[{"start":{"line":47,"column":4},"end":{"line":51,"column":5}},{"start":{},"end":{}}],"line":47},"5":{"loc":{"start":{"line":54,"column":4},"end":{"line":58,"column":5}},"type":"if","locations":[{"start":{"line":54,"column":4},"end":{"line":58,"column":5}},{"start":{},"end":{}}],"line":54},"6":{"loc":{"start":{"line":84,"column":4},"end":{"line":117,"column":5}},"type":"if","locations":[{"start":{"line":84,"column":4},"end":{"line":117,"column":5}},{"start":{"line":105,"column":11},"end":{"line":117,"column":5}}],"line":84},"7":{"loc":{"start":{"line":148,"column":2},"end":{"line":151,"column":3}},"type":"if","locations":[{"start":{"line":148,"column":2},"end":{"line":151,"column":3}},{"start":{},"end":{}}],"line":148},"8":{"loc":{"start":{"line":163,"column":4},"end":{"line":167,"column":5}},"type":"if","locations":[{"start":{"line":163,"column":4},"end":{"line":167,"column":5}},{"start":{},"end":{}}],"line":163},"9":{"loc":{"start":{"line":170,"column":4},"end":{"line":174,"column":5}},"type":"if","locations":[{"start":{"line":170,"column":4},"end":{"line":174,"column":5}},{"start":{},"end":{}}],"line":170},"10":{"loc":{"start":{"line":189,"column":4},"end":{"line":242,"column":5}},"type":"if","locations":[{"start":{"line":189,"column":4},"end":{"line":242,"column":5}},{"start":{"line":198,"column":11},"end":{"line":242,"column":5}}],"line":189},"11":{"loc":{"start":{"line":202,"column":6},"end":{"line":210,"column":7}},"type":"if","locations":[{"start":{"line":202,"column":6},"end":{"line":210,"column":7}},{"start":{},"end":{}}],"line":202},"12":{"loc":{"start":{"line":202,"column":10},"end":{"line":204,"column":35}},"type":"binary-expr","locations":[{"start":{"line":202,"column":10},"end":{"line":202,"column":42}},{"start":{"line":203,"column":10},"end":{"line":203,"column":63}},{"start":{"line":204,"column":10},"end":{"line":204,"column":35}}],"line":202},"13":{"loc":{"start":{"line":216,"column":6},"end":{"line":216,"column":75}},"type":"if","locations":[{"start":{"line":216,"column":6},"end":{"line":216,"column":75}},{"start":{},"end":{}}],"line":216},"14":{"loc":{"start":{"line":217,"column":6},"end":{"line":217,"column":72}},"type":"if","locations":[{"start":{"line":217,"column":6},"end":{"line":217,"column":72}},{"start":{},"end":{}}],"line":217},"15":{"loc":{"start":{"line":218,"column":6},"end":{"line":218,"column":60}},"type":"if","locations":[{"start":{"line":218,"column":6},"end":{"line":218,"column":60}},{"start":{},"end":{}}],"line":218},"16":{"loc":{"start":{"line":219,"column":6},"end":{"line":219,"column":75}},"type":"if","locations":[{"start":{"line":219,"column":6},"end":{"line":219,"column":75}},{"start":{},"end":{}}],"line":219},"17":{"loc":{"start":{"line":220,"column":6},"end":{"line":220,"column":54}},"type":"if","locations":[{"start":{"line":220,"column":6},"end":{"line":220,"column":54}},{"start":{},"end":{}}],"line":220},"18":{"loc":{"start":{"line":221,"column":6},"end":{"line":221,"column":75}},"type":"if","locations":[{"start":{"line":221,"column":6},"end":{"line":221,"column":75}},{"start":{},"end":{}}],"line":221},"19":{"loc":{"start":{"line":280,"column":37},"end":{"line":280,"column":50}},"type":"default-arg","locations":[{"start":{"line":280,"column":44},"end":{"line":280,"column":50}}],"line":280},"20":{"loc":{"start":{"line":280,"column":52},"end":{"line":280,"column":69}},"type":"default-arg","locations":[{"start":{"line":280,"column":61},"end":{"line":280,"column":69}}],"line":280},"21":{"loc":{"start":{"line":283,"column":2},"end":{"line":285,"column":3}},"type":"if","locations":[{"start":{"line":283,"column":2},"end":{"line":285,"column":3}},{"start":{},"end":{}}],"line":283},"22":{"loc":{"start":{"line":283,"column":6},"end":{"line":283,"column":38}},"type":"binary-expr","locations":[{"start":{"line":283,"column":6},"end":{"line":283,"column":15}},{"start":{"line":283,"column":19},"end":{"line":283,"column":25}},{"start":{"line":283,"column":29},"end":{"line":283,"column":38}}],"line":283},"23":{"loc":{"start":{"line":290,"column":4},"end":{"line":292,"column":5}},"type":"if","locations":[{"start":{"line":290,"column":4},"end":{"line":292,"column":5}},{"start":{},"end":{}}],"line":290},"24":{"loc":{"start":{"line":329,"column":4},"end":{"line":331,"column":5}},"type":"if","locations":[{"start":{"line":329,"column":4},"end":{"line":331,"column":5}},{"start":{},"end":{}}],"line":329},"25":{"loc":{"start":{"line":335,"column":4},"end":{"line":335,"column":51}},"type":"if","locations":[{"start":{"line":335,"column":4},"end":{"line":335,"column":51}},{"start":{},"end":{}}],"line":335},"26":{"loc":{"start":{"line":336,"column":4},"end":{"line":336,"column":42}},"type":"if","locations":[{"start":{"line":336,"column":4},"end":{"line":336,"column":42}},{"start":{},"end":{}}],"line":336},"27":{"loc":{"start":{"line":337,"column":4},"end":{"line":337,"column":39}},"type":"if","locations":[{"start":{"line":337,"column":4},"end":{"line":337,"column":39}},{"start":{},"end":{}}],"line":337},"28":{"loc":{"start":{"line":338,"column":4},"end":{"line":338,"column":45}},"type":"if","locations":[{"start":{"line":338,"column":4},"end":{"line":338,"column":45}},{"start":{},"end":{}}],"line":338},"29":{"loc":{"start":{"line":340,"column":4},"end":{"line":342,"column":5}},"type":"if","locations":[{"start":{"line":340,"column":4},"end":{"line":342,"column":5}},{"start":{},"end":{}}],"line":340},"30":{"loc":{"start":{"line":361,"column":4},"end":{"line":363,"column":5}},"type":"if","locations":[{"start":{"line":361,"column":4},"end":{"line":363,"column":5}},{"start":{},"end":{}}],"line":361},"31":{"loc":{"start":{"line":375,"column":8},"end":{"line":378,"column":9}},"type":"if","locations":[{"start":{"line":375,"column":8},"end":{"line":378,"column":9}},{"start":{},"end":{}}],"line":375},"32":{"loc":{"start":{"line":386,"column":8},"end":{"line":389,"column":9}},"type":"if","locations":[{"start":{"line":386,"column":8},"end":{"line":389,"column":9}},{"start":{},"end":{}}],"line":386}},"s":{"0":0,"1":0,"2":0,"3":0,"4":0,"5":0,"6":0,"7":0,"8":0,"9":0,"10":0,"11":0,"12":0,"13":0,"14":0,"15":0,"16":0,"17":0,"18":0,"19":0,"20":0,"21":0,"22":0,"23":0,"24":0,"25":0,"26":0,"27":0,"28":0,"29":0,"30":0,"31":0,"32":0,"33":0,"34":0,"35":0,"36":0,"37":0,"38":0,"39":0,"40":0,"41":0,"42":0,"43":0,"44":0,"45":0,"46":0,"47":0,"48":0,"49":0,"50":0,"51":0,"52":0,"53":0,"54":0,"55":0,"56":0,"57":0,"58":0,"59":0,"60":0,"61":0,"62":0,"63":0,"64":0,"65":0,"66":0,"67":0,"68":0,"69":0,"70":0,"71":0,"72":0,"73":0,"74":0,"75":0,"76":0,"77":0,"78":0,"79":0,"80":0,"81":0,"82":0,"83":0,"84":0,"85":0,"86":0,"87":0,"88":0,"89":0,"90":0,"91":0,"92":0,"93":0,"94":0,"95":0,"96":0,"97":0,"98":0,"99":0,"100":0,"101":0,"102":0,"103":0,"104":0,"105":0,"106":0,"107":0,"108":0,"109":0,"110":0,"111":0,"112":0,"113":0,"114":0,"115":0,"116":0,"117":0,"118":0,"119":0,"120":0,"121":0,"122":0,"123":0,"124":0,"125":0,"126":0,"127":0,"128":0,"129":0,"130":0,"131":0,"132":0,"133":0,"134":0,"135":0,"136":0,"137":0,"138":0,"139":0,"140":0,"141":0,"142":0,"143":0,"144":0,"145":0,"146":0,"147":0,"148":0,"149":0,"150":0,"151":0,"152":0,"153":0,"154":0,"155":0,"156":0,"157":0,"158":0,"159":0,"160":0,"161":0,"162":0,"163":0,"164":0,"165":0,"166":0,"167":0,"168":0,"169":0,"170":0,"171":0,"172":0,"173":0,"174":0,"175":0,"176":0,"177":0,"178":0,"179":0,"180":0,"181":0,"182":0,"183":0},"f":{"0":0,"1":0,"2":0,"3":0,"4":0,"5":0,"6":0,"7":0,"8":0},"b":{"0":[0,0],"1":[0,0],"2":[0,0],"3":[0,0],"4":[0,0],"5":[0,0],"6":[0,0],"7":[0,0],"8":[0,0],"9":[0,0],"10":[0,0],"11":[0,0],"12":[0,0,0],"13":[0,0],"14":[0,0],"15":[0,0],"16":[0,0],"17":[0,0],"18":[0,0],"19":[0],"20":[0],"21":[0,0],"22":[0,0,0],"23":[0,0],"24":[0,0],"25":[0,0],"26":[0,0],"27":[0,0],"28":[0,0],"29":[0,0],"30":[0,0],"31":[0,0],"32":[0,0]}}
}
