TN:
SF:avatar-check.js
FN:6,(anonymous_0)
FN:114,(anonymous_1)
FN:134,(anonymous_2)
FNF:3
FNH:0
FNDA:0,(anonymous_0)
FNDA:0,(anonymous_1)
FNDA:0,(anonymous_2)
DA:1,0
DA:6,0
DA:7,0
DA:8,0
DA:11,0
DA:23,0
DA:24,0
DA:25,0
DA:29,0
DA:39,0
DA:40,0
DA:41,0
DA:45,0
DA:57,0
DA:58,0
DA:59,0
DA:63,0
DA:74,0
DA:75,0
DA:76,0
DA:80,0
DA:81,0
DA:83,0
DA:84,0
DA:85,0
DA:87,0
DA:88,0
DA:89,0
DA:90,0
DA:91,0
DA:92,0
DA:94,0
DA:95,0
DA:98,0
DA:103,0
DA:104,0
DA:106,0
DA:109,0
DA:114,0
DA:115,0
DA:116,0
DA:118,0
DA:126,0
DA:129,0
DA:134,0
DA:135,0
DA:137,0
DA:138,0
DA:140,0
DA:143,0
DA:146,0
DA:147,0
DA:150,0
LF:53
LH:0
BRDA:24,0,0,0
BRDA:24,0,1,0
BRDA:40,1,0,0
BRDA:40,1,1,0
BRDA:58,2,0,0
BRDA:58,2,1,0
BRDA:75,3,0,0
BRDA:75,3,1,0
BRDA:88,4,0,0
BRDA:88,4,1,0
BRDA:91,5,0,0
BRDA:91,5,1,0
BRDA:137,6,0,0
BRDA:137,6,1,0
BRDA:146,7,0,0
BRDA:146,7,1,0
BRF:16
BRH:0
end_of_record
TN:
SF:jest.config.js
FNF:0
FNH:0
DA:1,0
LF:1
LH:0
BRF:0
BRH:0
end_of_record
TN:
SF:profile-basic-check.js
FN:6,(anonymous_0)
FN:13,(anonymous_1)
FN:29,(anonymous_2)
FN:30,(anonymous_3)
FN:38,(anonymous_4)
FN:115,(anonymous_5)
FN:135,(anonymous_6)
FNF:7
FNH:0
FNDA:0,(anonymous_0)
FNDA:0,(anonymous_1)
FNDA:0,(anonymous_2)
FNDA:0,(anonymous_3)
FNDA:0,(anonymous_4)
FNDA:0,(anonymous_5)
FNDA:0,(anonymous_6)
DA:1,0
DA:6,0
DA:7,0
DA:8,0
DA:11,0
DA:12,0
DA:13,0
DA:14,0
DA:16,0
DA:17,0
DA:20,0
DA:29,0
DA:30,0
DA:32,0
DA:33,0
DA:34,0
DA:36,0
DA:37,0
DA:38,0
DA:46,0
DA:47,0
DA:54,0
DA:55,0
DA:56,0
DA:60,0
DA:67,0
DA:68,0
DA:69,0
DA:74,0
DA:84,0
DA:85,0
DA:88,0
DA:97,0
DA:98,0
DA:99,0
DA:102,0
DA:105,0
DA:106,0
DA:110,0
DA:115,0
DA:116,0
DA:117,0
DA:119,0
DA:127,0
DA:130,0
DA:135,0
DA:136,0
DA:138,0
DA:139,0
DA:141,0
DA:144,0
DA:147,0
DA:148,0
DA:151,0
LF:54
LH:0
BRDA:36,0,0,0
BRDA:36,0,1,0
BRDA:46,1,0,0
BRDA:46,1,1,0
BRDA:55,2,0,0
BRDA:55,2,1,0
BRDA:68,3,0,0
BRDA:68,3,1,0
BRDA:98,4,0,0
BRDA:98,4,1,0
BRDA:105,5,0,0
BRDA:105,5,1,0
BRDA:138,6,0,0
BRDA:138,6,1,0
BRDA:147,7,0,0
BRDA:147,7,1,0
BRF:16
BRH:0
end_of_record
TN:
SF:profile-integrity-check.js
FN:6,(anonymous_0)
FN:103,(anonymous_1)
FN:136,(anonymous_2)
FNF:3
FNH:0
FNDA:0,(anonymous_0)
FNDA:0,(anonymous_1)
FNDA:0,(anonymous_2)
DA:1,0
DA:6,0
DA:7,0
DA:8,0
DA:11,0
DA:18,0
DA:19,0
DA:20,0
DA:24,0
DA:31,0
DA:32,0
DA:33,0
DA:37,0
DA:44,0
DA:45,0
DA:46,0
DA:50,0
DA:51,0
DA:58,0
DA:59,0
DA:60,0
DA:63,0
DA:67,0
DA:76,0
DA:77,0
DA:80,0
DA:90,0
DA:91,0
DA:92,0
DA:95,0
DA:98,0
DA:103,0
DA:104,0
DA:105,0
DA:108,0
DA:115,0
DA:118,0
DA:126,0
DA:128,0
DA:131,0
DA:136,0
DA:137,0
DA:139,0
DA:140,0
DA:142,0
DA:145,0
DA:148,0
DA:149,0
DA:152,0
LF:49
LH:0
BRDA:19,0,0,0
BRDA:19,0,1,0
BRDA:32,1,0,0
BRDA:32,1,1,0
BRDA:45,2,0,0
BRDA:45,2,1,0
BRDA:59,3,0,0
BRDA:59,3,1,0
BRDA:91,4,0,0
BRDA:91,4,1,0
BRDA:139,5,0,0
BRDA:139,5,1,0
BRDA:148,6,0,0
BRDA:148,6,1,0
BRF:14
BRH:0
end_of_record
TN:
SF:reset_password.js
FN:5,resetUserPassword
FNF:1
FNH:0
FNDA:0,resetUserPassword
DA:2,0
DA:3,0
DA:6,0
DA:7,0
DA:9,0
DA:10,0
DA:13,0
DA:14,0
DA:15,0
DA:17,0
DA:20,0
DA:21,0
DA:26,0
DA:28,0
DA:29,0
DA:32,0
DA:33,0
DA:35,0
DA:36,0
DA:37,0
DA:40,0
DA:43,0
DA:45,0
DA:46,0
DA:50,0
LF:25
LH:0
BRDA:28,0,0,0
BRDA:28,0,1,0
BRDA:35,1,0,0
BRDA:35,1,1,0
BRDA:37,2,0,0
BRDA:37,2,1,0
BRF:6
BRH:0
end_of_record
TN:
SF:restore-avatars.js
FN:6,(anonymous_0)
FN:63,(anonymous_1)
FN:93,(anonymous_2)
FNF:3
FNH:0
FNDA:0,(anonymous_0)
FNDA:0,(anonymous_1)
FNDA:0,(anonymous_2)
DA:1,0
DA:6,0
DA:7,0
DA:8,0
DA:11,0
DA:27,0
DA:29,0
DA:30,0
DA:31,0
DA:34,0
DA:36,0
DA:38,0
DA:39,0
DA:40,0
DA:41,0
DA:47,0
DA:48,0
DA:50,0
DA:55,0
DA:58,0
DA:63,0
DA:64,0
DA:65,0
DA:68,0
DA:70,0
DA:71,0
DA:75,0
DA:81,0
DA:82,0
DA:84,0
DA:88,0
DA:93,0
DA:94,0
DA:96,0
DA:98,0
DA:101,0
DA:104,0
DA:107,0
DA:108,0
DA:111,0
LF:40
LH:0
BRDA:29,0,0,0
BRDA:29,0,1,0
BRDA:39,1,0,0
BRDA:39,1,1,0
BRDA:70,2,0,0
BRDA:70,2,1,0
BRDA:81,3,0,0
BRDA:81,3,1,0
BRDA:96,4,0,0
BRDA:96,4,1,0
BRDA:96,5,0,0
BRDA:96,5,1,0
BRDA:96,5,2,0
BRDA:107,6,0,0
BRDA:107,6,1,0
BRF:15
BRH:0
end_of_record
TN:
SF:server.js
FN:38,initializeGameSession
FN:44,(anonymous_1)
FN:69,updatePlayerScore
FN:94,getPlayersArray
FN:106,(anonymous_4)
FN:113,addOrUpdatePlayer
FN:125,(anonymous_6)
FN:154,(anonymous_7)
FN:195,scheduleTransitionCleanup
FN:205,(anonymous_9)
FN:223,calculateAnswerStatistics
FN:252,(anonymous_11)
FN:257,(anonymous_12)
FN:265,(anonymous_13)
FN:274,getCorrectAnswerIndex
FN:295,(anonymous_15)
FN:312,(anonymous_16)
FN:320,(anonymous_17)
FN:347,(anonymous_18)
FN:362,(anonymous_19)
FN:367,(anonymous_20)
FN:390,(anonymous_21)
FN:443,(anonymous_22)
FN:468,(anonymous_23)
FN:502,(anonymous_24)
FN:518,(anonymous_25)
FN:614,(anonymous_26)
FN:657,(anonymous_27)
FN:669,(anonymous_28)
FN:681,(anonymous_29)
FN:706,(anonymous_30)
FN:724,(anonymous_31)
FN:763,(anonymous_32)
FN:773,(anonymous_33)
FN:789,(anonymous_34)
FN:798,(anonymous_35)
FN:810,(anonymous_36)
FN:841,(anonymous_37)
FN:854,(anonymous_38)
FN:867,(anonymous_39)
FN:917,(anonymous_40)
FN:921,(anonymous_41)
FN:922,(anonymous_42)
FN:960,(anonymous_43)
FN:973,(anonymous_44)
FNF:45
FNH:0
FNDA:0,initializeGameSession
FNDA:0,(anonymous_1)
FNDA:0,updatePlayerScore
FNDA:0,getPlayersArray
FNDA:0,(anonymous_4)
FNDA:0,addOrUpdatePlayer
FNDA:0,(anonymous_6)
FNDA:0,(anonymous_7)
FNDA:0,scheduleTransitionCleanup
FNDA:0,(anonymous_9)
FNDA:0,calculateAnswerStatistics
FNDA:0,(anonymous_11)
FNDA:0,(anonymous_12)
FNDA:0,(anonymous_13)
FNDA:0,getCorrectAnswerIndex
FNDA:0,(anonymous_15)
FNDA:0,(anonymous_16)
FNDA:0,(anonymous_17)
FNDA:0,(anonymous_18)
FNDA:0,(anonymous_19)
FNDA:0,(anonymous_20)
FNDA:0,(anonymous_21)
FNDA:0,(anonymous_22)
FNDA:0,(anonymous_23)
FNDA:0,(anonymous_24)
FNDA:0,(anonymous_25)
FNDA:0,(anonymous_26)
FNDA:0,(anonymous_27)
FNDA:0,(anonymous_28)
FNDA:0,(anonymous_29)
FNDA:0,(anonymous_30)
FNDA:0,(anonymous_31)
FNDA:0,(anonymous_32)
FNDA:0,(anonymous_33)
FNDA:0,(anonymous_34)
FNDA:0,(anonymous_35)
FNDA:0,(anonymous_36)
FNDA:0,(anonymous_37)
FNDA:0,(anonymous_38)
FNDA:0,(anonymous_39)
FNDA:0,(anonymous_40)
FNDA:0,(anonymous_41)
FNDA:0,(anonymous_42)
FNDA:0,(anonymous_43)
FNDA:0,(anonymous_44)
DA:1,0
DA:2,0
DA:5,0
DA:6,0
DA:7,0
DA:8,0
DA:9,0
DA:10,0
DA:12,0
DA:13,0
DA:14,0
DA:15,0
DA:16,0
DA:17,0
DA:18,0
DA:20,0
DA:21,0
DA:22,0
DA:31,0
DA:32,0
DA:33,0
DA:34,0
DA:35,0
DA:39,0
DA:40,0
DA:42,0
DA:44,0
DA:45,0
DA:46,0
DA:47,0
DA:48,0
DA:49,0
DA:51,0
DA:59,0
DA:61,0
DA:62,0
DA:65,0
DA:66,0
DA:70,0
DA:72,0
DA:73,0
DA:74,0
DA:75,0
DA:78,0
DA:79,0
DA:80,0
DA:81,0
DA:82,0
DA:85,0
DA:86,0
DA:87,0
DA:90,0
DA:91,0
DA:95,0
DA:96,0
DA:98,0
DA:99,0
DA:100,0
DA:101,0
DA:104,0
DA:105,0
DA:106,0
DA:107,0
DA:110,0
DA:114,0
DA:115,0
DA:116,0
DA:118,0
DA:119,0
DA:120,0
DA:121,0
DA:122,0
DA:124,0
DA:125,0
DA:126,0
DA:130,0
DA:131,0
DA:132,0
DA:133,0
DA:134,0
DA:137,0
DA:138,0
DA:139,0
DA:140,0
DA:143,0
DA:144,0
DA:147,0
DA:148,0
DA:150,0
DA:153,0
DA:154,0
DA:155,0
DA:157,0
DA:158,0
DA:162,0
DA:163,0
DA:164,0
DA:165,0
DA:166,0
DA:169,0
DA:170,0
DA:171,0
DA:172,0
DA:174,0
DA:178,0
DA:186,0
DA:187,0
DA:189,0
DA:190,0
DA:196,0
DA:199,0
DA:200,0
DA:201,0
DA:205,0
DA:206,0
DA:207,0
DA:208,0
DA:209,0
DA:211,0
DA:212,0
DA:214,0
DA:215,0
DA:219,0
DA:224,0
DA:226,0
DA:227,0
DA:228,0
DA:229,0
DA:237,0
DA:238,0
DA:240,0
DA:243,0
DA:244,0
DA:246,0
DA:247,0
DA:251,0
DA:252,0
DA:255,0
DA:257,0
DA:258,0
DA:259,0
DA:260,0
DA:265,0
DA:266,0
DA:267,0
DA:270,0
DA:271,0
DA:275,0
DA:277,0
DA:279,0
DA:288,0
DA:289,0
DA:290,0
DA:294,0
DA:295,0
DA:296,0
DA:297,0
DA:303,0
DA:304,0
DA:312,0
DA:314,0
DA:315,0
DA:316,0
DA:319,0
DA:320,0
DA:322,0
DA:323,0
DA:324,0
DA:327,0
DA:328,0
DA:329,0
DA:332,0
DA:333,0
DA:338,0
DA:339,0
DA:341,0
DA:347,0
DA:348,0
DA:349,0
DA:353,0
DA:354,0
DA:355,0
DA:356,0
DA:357,0
DA:358,0
DA:359,0
DA:362,0
DA:363,0
DA:364,0
DA:367,0
DA:368,0
DA:369,0
DA:371,0
DA:373,0
DA:374,0
DA:386,0
DA:389,0
DA:390,0
DA:392,0
DA:393,0
DA:401,0
DA:402,0
DA:404,0
DA:405,0
DA:406,0
DA:407,0
DA:408,0
DA:409,0
DA:410,0
DA:415,0
DA:420,0
DA:421,0
DA:422,0
DA:423,0
DA:424,0
DA:426,0
DA:432,0
DA:437,0
DA:438,0
DA:443,0
DA:444,0
DA:445,0
DA:447,0
DA:448,0
DA:449,0
DA:450,0
DA:451,0
DA:452,0
DA:453,0
DA:454,0
DA:455,0
DA:457,0
DA:458,0
DA:459,0
DA:460,0
DA:467,0
DA:468,0
DA:469,0
DA:470,0
DA:471,0
DA:472,0
DA:473,0
DA:475,0
DA:483,0
DA:484,0
DA:487,0
DA:492,0
DA:493,0
DA:494,0
DA:495,0
DA:496,0
DA:497,0
DA:498,0
DA:499,0
DA:501,0
DA:502,0
DA:504,0
DA:511,0
DA:513,0
DA:518,0
DA:519,0
DA:520,0
DA:522,0
DA:523,0
DA:524,0
DA:525,0
DA:526,0
DA:527,0
DA:528,0
DA:529,0
DA:530,0
DA:531,0
DA:532,0
DA:533,0
DA:534,0
DA:536,0
DA:539,0
DA:540,0
DA:541,0
DA:542,0
DA:544,0
DA:549,0
DA:557,0
DA:558,0
DA:559,0
DA:560,0
DA:564,0
DA:565,0
DA:568,0
DA:569,0
DA:570,0
DA:572,0
DA:573,0
DA:574,0
DA:576,0
DA:577,0
DA:578,0
DA:579,0
DA:580,0
DA:581,0
DA:582,0
DA:584,0
DA:585,0
DA:587,0
DA:590,0
DA:591,0
DA:594,0
DA:597,0
DA:598,0
DA:601,0
DA:606,0
DA:607,0
DA:608,0
DA:609,0
DA:614,0
DA:615,0
DA:616,0
DA:619,0
DA:620,0
DA:621,0
DA:622,0
DA:623,0
DA:627,0
DA:628,0
DA:629,0
DA:632,0
DA:633,0
DA:634,0
DA:635,0
DA:639,0
DA:642,0
DA:651,0
DA:653,0
DA:657,0
DA:658,0
DA:659,0
DA:661,0
DA:663,0
DA:669,0
DA:670,0
DA:671,0
DA:673,0
DA:676,0
DA:677,0
DA:678,0
DA:679,0
DA:680,0
DA:681,0
DA:682,0
DA:683,0
DA:684,0
DA:685,0
DA:688,0
DA:692,0
DA:693,0
DA:699,0
DA:706,0
DA:707,0
DA:708,0
DA:710,0
DA:711,0
DA:712,0
DA:713,0
DA:714,0
DA:717,0
DA:718,0
DA:719,0
DA:720,0
DA:724,0
DA:725,0
DA:726,0
DA:727,0
DA:730,0
DA:731,0
DA:734,0
DA:735,0
DA:738,0
DA:739,0
DA:742,0
DA:743,0
DA:744,0
DA:745,0
DA:748,0
DA:755,0
DA:756,0
DA:760,0
DA:763,0
DA:764,0
DA:765,0
DA:767,0
DA:770,0
DA:771,0
DA:772,0
DA:773,0
DA:775,0
DA:776,0
DA:777,0
DA:778,0
DA:779,0
DA:783,0
DA:786,0
DA:789,0
DA:790,0
DA:791,0
DA:793,0
DA:794,0
DA:798,0
DA:799,0
DA:800,0
DA:802,0
DA:804,0
DA:810,0
DA:811,0
DA:812,0
DA:814,0
DA:815,0
DA:816,0
DA:817,0
DA:818,0
DA:821,0
DA:822,0
DA:824,0
DA:825,0
DA:827,0
DA:833,0
DA:836,0
DA:838,0
DA:841,0
DA:842,0
DA:843,0
DA:845,0
DA:848,0
DA:854,0
DA:855,0
DA:856,0
DA:858,0
DA:861,0
DA:867,0
DA:868,0
DA:869,0
DA:871,0
DA:874,0
DA:875,0
DA:878,0
DA:884,0
DA:886,0
DA:887,0
DA:888,0
DA:890,0
DA:892,0
DA:895,0
DA:896,0
DA:898,0
DA:904,0
DA:905,0
DA:908,0
DA:909,0
DA:917,0
DA:918,0
DA:921,0
DA:922,0
DA:923,0
DA:924,0
DA:925,0
DA:928,0
DA:929,0
DA:930,0
DA:934,0
DA:935,0
DA:936,0
DA:937,0
DA:939,0
DA:943,0
DA:945,0
DA:948,0
DA:953,0
DA:960,0
DA:961,0
DA:962,0
DA:963,0
DA:964,0
DA:965,0
DA:967,0
DA:972,0
DA:973,0
DA:974,0
DA:975,0
LF:487
LH:0
BRDA:8,0,0,0
BRDA:8,0,1,0
BRDA:53,1,0,0
BRDA:53,1,1,0
BRDA:55,2,0,0
BRDA:55,2,1,0
BRDA:56,3,0,0
BRDA:56,3,1,0
BRDA:73,4,0,0
BRDA:73,4,1,0
BRDA:79,5,0,0
BRDA:79,5,1,0
BRDA:86,6,0,0
BRDA:86,6,1,0
BRDA:99,7,0,0
BRDA:99,7,1,0
BRDA:119,8,0,0
BRDA:119,8,1,0
BRDA:131,9,0,0
BRDA:131,9,1,0
BRDA:143,10,0,0
BRDA:143,10,1,0
BRDA:144,11,0,0
BRDA:144,11,1,0
BRDA:169,12,0,0
BRDA:169,12,1,0
BRDA:182,13,0,0
BRDA:182,13,1,0
BRDA:183,14,0,0
BRDA:183,14,1,0
BRDA:199,15,0,0
BRDA:199,15,1,0
BRDA:206,16,0,0
BRDA:206,16,1,0
BRDA:227,17,0,0
BRDA:227,17,1,0
BRDA:246,18,0,0
BRDA:246,18,1,0
BRDA:246,19,0,0
BRDA:246,19,1,0
BRDA:252,20,0,0
BRDA:252,20,1,0
BRDA:259,21,0,0
BRDA:259,21,1,0
BRDA:259,22,0,0
BRDA:259,22,1,0
BRDA:266,23,0,0
BRDA:266,23,1,0
BRDA:288,24,0,0
BRDA:288,24,1,0
BRDA:296,25,0,0
BRDA:296,25,1,0
BRDA:303,26,0,0
BRDA:303,26,1,0
BRDA:314,27,0,0
BRDA:314,27,1,0
BRDA:322,28,0,0
BRDA:322,28,1,0
BRDA:373,29,0,0
BRDA:373,29,1,0
BRDA:392,30,0,0
BRDA:392,30,1,0
BRDA:392,31,0,0
BRDA:392,31,1,0
BRDA:394,32,0,0
BRDA:394,32,1,0
BRDA:420,33,0,0
BRDA:420,33,1,0
BRDA:458,34,0,0
BRDA:458,34,1,0
BRDA:460,35,0,0
BRDA:460,35,1,0
BRDA:539,36,0,0
BRDA:539,36,1,0
BRDA:541,37,0,0
BRDA:541,37,1,0
BRDA:552,38,0,0
BRDA:552,38,1,0
BRDA:557,39,0,0
BRDA:557,39,1,0
BRDA:572,40,0,0
BRDA:572,40,1,0
BRDA:576,41,0,0
BRDA:576,41,1,0
BRDA:590,42,0,0
BRDA:590,42,1,0
BRDA:620,43,0,0
BRDA:620,43,1,0
BRDA:633,44,0,0
BRDA:633,44,1,0
BRDA:677,45,0,0
BRDA:677,45,1,0
BRDA:679,46,0,0
BRDA:679,46,1,0
BRDA:683,47,0,0
BRDA:683,47,1,0
BRDA:693,48,0,0
BRDA:693,48,1,0
BRDA:718,49,0,0
BRDA:718,49,1,0
BRDA:725,50,0,0
BRDA:725,50,1,0
BRDA:738,51,0,0
BRDA:738,51,1,0
BRDA:743,52,0,0
BRDA:743,52,1,0
BRDA:771,53,0,0
BRDA:771,53,1,0
BRDA:777,54,0,0
BRDA:777,54,1,0
BRDA:878,55,0,0
BRDA:878,55,1,0
BRDA:878,55,2,0
BRDA:890,56,0,0
BRDA:890,56,1,0
BRDA:923,57,0,0
BRDA:923,57,1,0
BRDA:928,58,0,0
BRDA:928,58,1,0
BRDA:936,59,0,0
BRDA:936,59,1,0
BRDA:972,60,0,0
BRDA:972,60,1,0
BRF:123
BRH:0
end_of_record
TN:
SF:server_backup.js
FN:39,initializeGameSession
FN:44,(anonymous_1)
FN:61,updatePlayerScore
FN:90,getPlayersArray
FN:103,addOrUpdatePlayer
FN:139,(anonymous_5)
FN:145,(anonymous_6)
FN:162,(anonymous_7)
FN:167,(anonymous_8)
FN:198,(anonymous_9)
FN:212,(anonymous_10)
FN:252,(anonymous_11)
FN:281,(anonymous_12)
FN:319,(anonymous_13)
FN:381,(anonymous_14)
FN:390,(anonymous_15)
FN:448,(anonymous_16)
FN:495,(anonymous_17)
FN:496,(anonymous_18)
FN:535,(anonymous_19)
FN:540,(anonymous_20)
FN:565,(anonymous_21)
FN:578,(anonymous_22)
FN:600,(anonymous_23)
FN:611,(anonymous_24)
FN:619,(anonymous_25)
FN:633,(anonymous_26)
FN:690,(anonymous_27)
FN:720,(anonymous_28)
FN:751,(anonymous_29)
FN:755,(anonymous_30)
FN:756,(anonymous_31)
FN:786,(anonymous_32)
FN:792,(anonymous_33)
FN:799,(anonymous_34)
FNF:35
FNH:0
FNDA:0,initializeGameSession
FNDA:0,(anonymous_1)
FNDA:0,updatePlayerScore
FNDA:0,getPlayersArray
FNDA:0,addOrUpdatePlayer
FNDA:0,(anonymous_5)
FNDA:0,(anonymous_6)
FNDA:0,(anonymous_7)
FNDA:0,(anonymous_8)
FNDA:0,(anonymous_9)
FNDA:0,(anonymous_10)
FNDA:0,(anonymous_11)
FNDA:0,(anonymous_12)
FNDA:0,(anonymous_13)
FNDA:0,(anonymous_14)
FNDA:0,(anonymous_15)
FNDA:0,(anonymous_16)
FNDA:0,(anonymous_17)
FNDA:0,(anonymous_18)
FNDA:0,(anonymous_19)
FNDA:0,(anonymous_20)
FNDA:0,(anonymous_21)
FNDA:0,(anonymous_22)
FNDA:0,(anonymous_23)
FNDA:0,(anonymous_24)
FNDA:0,(anonymous_25)
FNDA:0,(anonymous_26)
FNDA:0,(anonymous_27)
FNDA:0,(anonymous_28)
FNDA:0,(anonymous_29)
FNDA:0,(anonymous_30)
FNDA:0,(anonymous_31)
FNDA:0,(anonymous_32)
FNDA:0,(anonymous_33)
FNDA:0,(anonymous_34)
DA:1,0
DA:2,0
DA:5,0
DA:6,0
DA:7,0
DA:8,0
DA:9,0
DA:10,0
DA:12,0
DA:13,0
DA:14,0
DA:15,0
DA:16,0
DA:17,0
DA:18,0
DA:20,0
DA:21,0
DA:22,0
DA:32,0
DA:33,0
DA:36,0
DA:40,0
DA:42,0
DA:44,0
DA:45,0
DA:53,0
DA:54,0
DA:57,0
DA:58,0
DA:62,0
DA:63,0
DA:64,0
DA:65,0
DA:67,0
DA:68,0
DA:69,0
DA:70,0
DA:73,0
DA:74,0
DA:75,0
DA:76,0
DA:77,0
DA:81,0
DA:82,0
DA:83,0
DA:86,0
DA:87,0
DA:91,0
DA:92,0
DA:93,0
DA:94,0
DA:97,0
DA:98,0
DA:100,0
DA:104,0
DA:106,0
DA:107,0
DA:108,0
DA:109,0
DA:110,0
DA:113,0
DA:114,0
DA:116,0
DA:117,0
DA:118,0
DA:119,0
DA:122,0
DA:129,0
DA:130,0
DA:135,0
DA:136,0
DA:139,0
DA:140,0
DA:141,0
DA:145,0
DA:146,0
DA:150,0
DA:153,0
DA:154,0
DA:155,0
DA:156,0
DA:157,0
DA:158,0
DA:159,0
DA:162,0
DA:163,0
DA:164,0
DA:167,0
DA:168,0
DA:169,0
DA:171,0
DA:179,0
DA:180,0
DA:192,0
DA:195,0
DA:198,0
DA:199,0
DA:200,0
DA:208,0
DA:209,0
DA:211,0
DA:212,0
DA:215,0
DA:220,0
DA:221,0
DA:223,0
DA:228,0
DA:230,0
DA:231,0
DA:232,0
DA:234,0
DA:241,0
DA:246,0
DA:247,0
DA:252,0
DA:253,0
DA:254,0
DA:255,0
DA:256,0
DA:257,0
DA:259,0
DA:260,0
DA:262,0
DA:263,0
DA:271,0
DA:272,0
DA:273,0
DA:278,0
DA:281,0
DA:289,0
DA:297,0
DA:299,0
DA:306,0
DA:309,0
DA:310,0
DA:311,0
DA:313,0
DA:319,0
DA:320,0
DA:321,0
DA:322,0
DA:324,0
DA:325,0
DA:326,0
DA:327,0
DA:330,0
DA:332,0
DA:333,0
DA:334,0
DA:338,0
DA:339,0
DA:340,0
DA:343,0
DA:344,0
DA:345,0
DA:347,0
DA:348,0
DA:349,0
DA:350,0
DA:351,0
DA:356,0
DA:357,0
DA:358,0
DA:359,0
DA:360,0
DA:361,0
DA:362,0
DA:365,0
DA:366,0
DA:367,0
DA:368,0
DA:370,0
DA:371,0
DA:376,0
DA:377,0
DA:378,0
DA:379,0
DA:380,0
DA:381,0
DA:382,0
DA:384,0
DA:387,0
DA:390,0
DA:393,0
DA:397,0
DA:398,0
DA:400,0
DA:403,0
DA:404,0
DA:412,0
DA:413,0
DA:414,0
DA:416,0
DA:417,0
DA:420,0
DA:421,0
DA:423,0
DA:424,0
DA:425,0
DA:426,0
DA:429,0
DA:430,0
DA:431,0
DA:432,0
DA:434,0
DA:438,0
DA:447,0
DA:448,0
DA:449,0
DA:458,0
DA:459,0
DA:469,0
DA:472,0
DA:475,0
DA:476,0
DA:477,0
DA:480,0
DA:481,0
DA:482,0
DA:486,0
DA:487,0
DA:488,0
DA:491,0
DA:495,0
DA:496,0
DA:497,0
DA:498,0
DA:500,0
DA:501,0
DA:503,0
DA:504,0
DA:505,0
DA:506,0
DA:509,0
DA:510,0
DA:511,0
DA:513,0
DA:514,0
DA:515,0
DA:517,0
DA:519,0
DA:520,0
DA:521,0
DA:522,0
DA:523,0
DA:525,0
DA:529,0
DA:530,0
DA:534,0
DA:535,0
DA:536,0
DA:540,0
DA:548,0
DA:549,0
DA:550,0
DA:552,0
DA:558,0
DA:560,0
DA:565,0
DA:566,0
DA:567,0
DA:569,0
DA:571,0
DA:578,0
DA:579,0
DA:580,0
DA:582,0
DA:584,0
DA:587,0
DA:591,0
DA:592,0
DA:593,0
DA:596,0
DA:600,0
DA:601,0
DA:602,0
DA:604,0
DA:606,0
DA:611,0
DA:612,0
DA:613,0
DA:614,0
DA:619,0
DA:620,0
DA:621,0
DA:623,0
DA:625,0
DA:633,0
DA:634,0
DA:635,0
DA:637,0
DA:638,0
DA:639,0
DA:640,0
DA:642,0
DA:645,0
DA:646,0
DA:649,0
DA:650,0
DA:651,0
DA:652,0
DA:654,0
DA:655,0
DA:660,0
DA:668,0
DA:670,0
DA:671,0
DA:676,0
DA:677,0
DA:683,0
DA:684,0
DA:686,0
DA:690,0
DA:691,0
DA:692,0
DA:694,0
DA:695,0
DA:696,0
DA:698,0
DA:699,0
DA:700,0
DA:701,0
DA:704,0
DA:708,0
DA:710,0
DA:713,0
DA:720,0
DA:721,0
DA:722,0
DA:723,0
DA:724,0
DA:725,0
DA:726,0
DA:727,0
DA:728,0
DA:730,0
DA:732,0
DA:733,0
DA:734,0
DA:735,0
DA:736,0
DA:739,0
DA:740,0
DA:744,0
DA:746,0
DA:751,0
DA:752,0
DA:755,0
DA:756,0
DA:757,0
DA:758,0
DA:759,0
DA:762,0
DA:763,0
DA:767,0
DA:773,0
DA:774,0
DA:775,0
DA:783,0
DA:786,0
DA:787,0
DA:790,0
DA:792,0
DA:793,0
DA:794,0
DA:795,0
DA:796,0
DA:797,0
DA:799,0
DA:800,0
DA:801,0
DA:804,0
DA:805,0
DA:806,0
DA:810,0
LF:375
LH:0
BRDA:8,0,0,0
BRDA:8,0,1,0
BRDA:47,1,0,0
BRDA:47,1,1,0
BRDA:49,2,0,0
BRDA:49,2,1,0
BRDA:50,3,0,0
BRDA:50,3,1,0
BRDA:68,4,0,0
BRDA:68,4,1,0
BRDA:74,5,0,0
BRDA:74,5,1,0
BRDA:82,6,0,0
BRDA:82,6,1,0
BRDA:92,7,0,0
BRDA:92,7,1,0
BRDA:107,8,0,0
BRDA:107,8,1,0
BRDA:114,9,0,0
BRDA:114,9,1,0
BRDA:116,10,0,0
BRDA:116,10,1,0
BRDA:117,11,0,0
BRDA:117,11,1,0
BRDA:118,12,0,0
BRDA:118,12,1,0
BRDA:126,13,0,0
BRDA:126,13,1,0
BRDA:127,14,0,0
BRDA:127,14,1,0
BRDA:179,15,0,0
BRDA:179,15,1,0
BRDA:199,16,0,0
BRDA:199,16,1,0
BRDA:199,17,0,0
BRDA:199,17,1,0
BRDA:201,18,0,0
BRDA:201,18,1,0
BRDA:228,19,0,0
BRDA:228,19,1,0
BRDA:262,20,0,0
BRDA:262,20,1,0
BRDA:271,21,0,0
BRDA:271,21,1,0
BRDA:271,22,0,0
BRDA:271,22,1,0
BRDA:273,23,0,0
BRDA:273,23,1,0
BRDA:310,24,0,0
BRDA:310,24,1,0
BRDA:324,25,0,0
BRDA:324,25,1,0
BRDA:332,26,0,0
BRDA:332,26,1,0
BRDA:347,27,0,0
BRDA:347,27,1,0
BRDA:356,28,0,0
BRDA:356,28,1,0
BRDA:360,29,0,0
BRDA:360,29,1,0
BRDA:376,30,0,0
BRDA:376,30,1,0
BRDA:397,31,0,0
BRDA:397,31,1,0
BRDA:404,32,0,0
BRDA:404,32,1,0
BRDA:416,33,0,0
BRDA:416,33,1,0
BRDA:417,34,0,0
BRDA:417,34,1,0
BRDA:430,35,0,0
BRDA:430,35,1,0
BRDA:464,36,0,0
BRDA:464,36,1,0
BRDA:480,37,0,0
BRDA:480,37,1,0
BRDA:480,38,0,0
BRDA:480,38,1,0
BRDA:480,38,2,0
BRDA:480,38,3,0
BRDA:486,39,0,0
BRDA:486,39,1,0
BRDA:486,40,0,0
BRDA:486,40,1,0
BRDA:510,41,0,0
BRDA:510,41,1,0
BRDA:510,42,0,0
BRDA:510,42,1,0
BRDA:519,43,0,0
BRDA:519,43,1,0
BRDA:519,44,0,0
BRDA:519,44,1,0
BRDA:543,45,0,0
BRDA:543,45,1,0
BRDA:591,46,0,0
BRDA:591,46,1,0
BRDA:591,47,0,0
BRDA:591,47,1,0
BRDA:645,48,0,0
BRDA:645,48,1,0
BRDA:650,49,0,0
BRDA:650,49,1,0
BRDA:663,50,0,0
BRDA:663,50,1,0
BRDA:677,51,0,0
BRDA:677,51,1,0
BRDA:699,52,0,0
BRDA:699,52,1,0
BRDA:732,53,0,0
BRDA:732,53,1,0
BRDA:757,54,0,0
BRDA:757,54,1,0
BRDA:762,55,0,0
BRDA:762,55,1,0
BRDA:762,56,0,0
BRDA:762,56,1,0
BRDA:773,57,0,0
BRDA:773,57,1,0
BRDA:790,58,0,0
BRDA:790,58,1,0
BRF:120
BRH:0
end_of_record
TN:
SF:config\db.js
FNF:0
FNH:0
DA:2,0
DA:3,0
DA:5,0
DA:6,0
DA:7,0
DA:11,0
DA:12,0
DA:21,0
DA:23,0
DA:26,0
LF:10
LH:0
BRF:0
BRH:0
end_of_record
TN:
SF:coverage\lcov-report\block-navigation.js
FN:2,init
FN:24,toggleClass
FN:31,makeCurrent
FN:41,goToPrevious
FN:52,goToNext
FN:65,jump
FNF:6
FNH:0
FNDA:0,init
FNDA:0,toggleClass
FNDA:0,makeCurrent
FNDA:0,goToPrevious
FNDA:0,goToNext
FNDA:0,jump
DA:2,0
DA:4,0
DA:7,0
DA:10,0
DA:14,0
DA:20,0
DA:25,0
DA:28,0
DA:32,0
DA:33,0
DA:34,0
DA:42,0
DA:43,0
DA:44,0
DA:45,0
DA:46,0
DA:49,0
DA:53,0
DA:55,0
DA:59,0
DA:62,0
DA:65,0
DA:66,0
DA:71,0
DA:74,0
DA:77,0
DA:78,0
DA:82,0
DA:83,0
DA:87,0
LF:30
LH:0
BRDA:43,0,0,0
BRDA:43,0,1,0
BRDA:43,1,0,0
BRDA:43,1,1,0
BRDA:45,2,0,0
BRDA:45,2,1,0
BRDA:55,3,0,0
BRDA:55,3,1,0
BRDA:56,4,0,0
BRDA:56,4,1,0
BRDA:66,5,0,0
BRDA:66,5,1,0
BRDA:67,6,0,0
BRDA:67,6,1,0
BRDA:74,7,0,0
BRDA:74,7,1,0
BRDA:74,7,2,0
BRDA:74,7,3,0
BRDA:74,7,4,0
BRF:19
BRH:0
end_of_record
TN:
SF:coverage\lcov-report\prettify.js
FN:2,(anonymous_0)
FN:2,k
FN:2,ab
FN:2,T
FN:2,X
FN:2,(anonymous_5)
FN:2,W
FN:2,(anonymous_7)
FN:2,a
FN:2,aa
FN:2,B
FN:2,o
FN:2,g
FN:2,(anonymous_13)
FN:2,(anonymous_14)
FN:2,i
FN:2,Q
FN:2,ae
FN:2,ad
FN:2,ai
FN:2,D
FN:2,c
FN:2,q
FN:2,d
FN:2,y
FN:2,b
FN:2,Y
FN:2,(anonymous_27)
FN:2,U
FNF:29
FNH:0
FNDA:0,(anonymous_0)
FNDA:0,k
FNDA:0,ab
FNDA:0,T
FNDA:0,X
FNDA:0,(anonymous_5)
FNDA:0,W
FNDA:0,(anonymous_7)
FNDA:0,a
FNDA:0,aa
FNDA:0,B
FNDA:0,o
FNDA:0,g
FNDA:0,(anonymous_13)
FNDA:0,(anonymous_14)
FNDA:0,i
FNDA:0,Q
FNDA:0,ae
FNDA:0,ad
FNDA:0,ai
FNDA:0,D
FNDA:0,c
FNDA:0,q
FNDA:0,d
FNDA:0,y
FNDA:0,b
FNDA:0,Y
FNDA:0,(anonymous_27)
FNDA:0,U
DA:2,0
LF:1
LH:0
BRDA:2,0,0,0
BRDA:2,0,1,0
BRDA:2,1,0,0
BRDA:2,1,1,0
BRDA:2,2,0,0
BRDA:2,2,1,0
BRDA:2,3,0,0
BRDA:2,3,1,0
BRDA:2,4,0,0
BRDA:2,4,1,0
BRDA:2,5,0,0
BRDA:2,5,1,0
BRDA:2,6,0,0
BRDA:2,6,1,0
BRDA:2,7,0,0
BRDA:2,7,1,0
BRDA:2,8,0,0
BRDA:2,8,1,0
BRDA:2,9,0,0
BRDA:2,9,1,0
BRDA:2,10,0,0
BRDA:2,10,1,0
BRDA:2,11,0,0
BRDA:2,11,1,0
BRDA:2,11,2,0
BRDA:2,11,3,0
BRDA:2,12,0,0
BRDA:2,12,1,0
BRDA:2,13,0,0
BRDA:2,13,1,0
BRDA:2,14,0,0
BRDA:2,14,1,0
BRDA:2,15,0,0
BRDA:2,15,1,0
BRDA:2,16,0,0
BRDA:2,16,1,0
BRDA:2,17,0,0
BRDA:2,17,1,0
BRDA:2,18,0,0
BRDA:2,18,1,0
BRDA:2,19,0,0
BRDA:2,19,1,0
BRDA:2,20,0,0
BRDA:2,20,1,0
BRDA:2,21,0,0
BRDA:2,21,1,0
BRDA:2,22,0,0
BRDA:2,22,1,0
BRDA:2,23,0,0
BRDA:2,23,1,0
BRDA:2,24,0,0
BRDA:2,24,1,0
BRDA:2,25,0,0
BRDA:2,25,1,0
BRDA:2,26,0,0
BRDA:2,26,1,0
BRDA:2,27,0,0
BRDA:2,27,1,0
BRDA:2,28,0,0
BRDA:2,28,1,0
BRDA:2,29,0,0
BRDA:2,29,1,0
BRDA:2,30,0,0
BRDA:2,30,1,0
BRDA:2,31,0,0
BRDA:2,31,1,0
BRDA:2,32,0,0
BRDA:2,32,1,0
BRDA:2,33,0,0
BRDA:2,33,1,0
BRDA:2,34,0,0
BRDA:2,34,1,0
BRDA:2,35,0,0
BRDA:2,35,1,0
BRDA:2,36,0,0
BRDA:2,36,1,0
BRDA:2,37,0,0
BRDA:2,37,1,0
BRDA:2,38,0,0
BRDA:2,38,1,0
BRDA:2,39,0,0
BRDA:2,39,1,0
BRDA:2,40,0,0
BRDA:2,40,1,0
BRDA:2,41,0,0
BRDA:2,41,1,0
BRDA:2,42,0,0
BRDA:2,42,1,0
BRDA:2,43,0,0
BRDA:2,43,1,0
BRDA:2,44,0,0
BRDA:2,44,1,0
BRDA:2,45,0,0
BRDA:2,45,1,0
BRDA:2,46,0,0
BRDA:2,46,1,0
BRDA:2,47,0,0
BRDA:2,47,1,0
BRDA:2,48,0,0
BRDA:2,48,1,0
BRDA:2,49,0,0
BRDA:2,49,1,0
BRDA:2,50,0,0
BRDA:2,50,1,0
BRDA:2,50,2,0
BRDA:2,51,0,0
BRDA:2,51,1,0
BRDA:2,52,0,0
BRDA:2,52,1,0
BRDA:2,53,0,0
BRDA:2,53,1,0
BRDA:2,54,0,0
BRDA:2,54,1,0
BRDA:2,55,0,0
BRDA:2,55,1,0
BRDA:2,56,0,0
BRDA:2,56,1,0
BRDA:2,57,0,0
BRDA:2,57,1,0
BRDA:2,58,0,0
BRDA:2,58,1,0
BRDA:2,59,0,0
BRDA:2,59,1,0
BRDA:2,60,0,0
BRDA:2,60,1,0
BRDA:2,61,0,0
BRDA:2,61,1,0
BRDA:2,62,0,0
BRDA:2,62,1,0
BRDA:2,63,0,0
BRDA:2,63,1,0
BRDA:2,64,0,0
BRDA:2,64,1,0
BRDA:2,65,0,0
BRDA:2,65,1,0
BRDA:2,66,0,0
BRDA:2,66,1,0
BRDA:2,67,0,0
BRDA:2,67,1,0
BRDA:2,68,0,0
BRDA:2,68,1,0
BRDA:2,69,0,0
BRDA:2,69,1,0
BRDA:2,70,0,0
BRDA:2,70,1,0
BRDA:2,71,0,0
BRDA:2,71,1,0
BRDA:2,72,0,0
BRDA:2,72,1,0
BRDA:2,73,0,0
BRDA:2,73,1,0
BRDA:2,74,0,0
BRDA:2,74,1,0
BRDA:2,75,0,0
BRDA:2,75,1,0
BRDA:2,76,0,0
BRDA:2,76,1,0
BRDA:2,77,0,0
BRDA:2,77,1,0
BRDA:2,78,0,0
BRDA:2,78,1,0
BRDA:2,79,0,0
BRDA:2,79,1,0
BRDA:2,80,0,0
BRDA:2,80,1,0
BRDA:2,81,0,0
BRDA:2,81,1,0
BRDA:2,82,0,0
BRDA:2,82,1,0
BRDA:2,83,0,0
BRDA:2,83,1,0
BRDA:2,84,0,0
BRDA:2,84,1,0
BRDA:2,85,0,0
BRDA:2,85,1,0
BRDA:2,86,0,0
BRDA:2,86,1,0
BRDA:2,87,0,0
BRDA:2,87,1,0
BRDA:2,88,0,0
BRDA:2,88,1,0
BRDA:2,89,0,0
BRDA:2,89,1,0
BRDA:2,89,2,0
BRDA:2,90,0,0
BRDA:2,90,1,0
BRDA:2,91,0,0
BRDA:2,91,1,0
BRDA:2,92,0,0
BRDA:2,92,1,0
BRDA:2,93,0,0
BRDA:2,93,1,0
BRDA:2,94,0,0
BRDA:2,94,1,0
BRDA:2,95,0,0
BRDA:2,95,1,0
BRDA:2,96,0,0
BRDA:2,96,1,0
BRDA:2,97,0,0
BRDA:2,97,1,0
BRDA:2,98,0,0
BRDA:2,98,1,0
BRDA:2,99,0,0
BRDA:2,99,1,0
BRDA:2,100,0,0
BRDA:2,100,1,0
BRDA:2,101,0,0
BRDA:2,101,1,0
BRDA:2,102,0,0
BRDA:2,102,1,0
BRDA:2,103,0,0
BRDA:2,103,1,0
BRDA:2,104,0,0
BRDA:2,104,1,0
BRDA:2,105,0,0
BRDA:2,105,1,0
BRDA:2,106,0,0
BRDA:2,106,1,0
BRDA:2,107,0,0
BRDA:2,107,1,0
BRDA:2,108,0,0
BRDA:2,108,1,0
BRDA:2,109,0,0
BRDA:2,109,1,0
BRDA:2,110,0,0
BRDA:2,110,1,0
BRDA:2,111,0,0
BRDA:2,111,1,0
BRDA:2,112,0,0
BRDA:2,112,1,0
BRDA:2,113,0,0
BRDA:2,113,1,0
BRDA:2,114,0,0
BRDA:2,114,1,0
BRDA:2,115,0,0
BRDA:2,115,1,0
BRDA:2,116,0,0
BRDA:2,116,1,0
BRDA:2,117,0,0
BRDA:2,117,1,0
BRDA:2,118,0,0
BRDA:2,118,1,0
BRDA:2,119,0,0
BRDA:2,119,1,0
BRDA:2,120,0,0
BRDA:2,120,1,0
BRDA:2,121,0,0
BRDA:2,121,1,0
BRDA:2,122,0,0
BRDA:2,122,1,0
BRDA:2,123,0,0
BRDA:2,123,1,0
BRDA:2,124,0,0
BRDA:2,124,1,0
BRDA:2,125,0,0
BRDA:2,125,1,0
BRDA:2,126,0,0
BRDA:2,126,1,0
BRDA:2,127,0,0
BRDA:2,127,1,0
BRDA:2,128,0,0
BRDA:2,128,1,0
BRDA:2,128,2,0
BRDA:2,129,0,0
BRDA:2,129,1,0
BRDA:2,130,0,0
BRDA:2,130,1,0
BRDA:2,131,0,0
BRDA:2,131,1,0
BRDA:2,131,2,0
BRDA:2,131,3,0
BRDA:2,131,4,0
BRDA:2,132,0,0
BRDA:2,132,1,0
BRDA:2,133,0,0
BRDA:2,133,1,0
BRDA:2,134,0,0
BRDA:2,134,1,0
BRDA:2,135,0,0
BRDA:2,135,1,0
BRDA:2,136,0,0
BRDA:2,136,1,0
BRDA:2,137,0,0
BRDA:2,137,1,0
BRDA:2,138,0,0
BRDA:2,138,1,0
BRF:286
BRH:0
end_of_record
TN:
SF:coverage\lcov-report\sorter.js
FN:2,(anonymous_0)
FN:11,getTable
FN:15,getTableHeader
FN:19,getTableBody
FN:23,getNthColumn
FN:27,onFilterInput
FN:59,addSearchBox
FN:67,loadColumns
FN:92,loadRowData
FN:111,loadData
FN:120,sortByIndex
FN:122,(anonymous_11)
FN:134,(anonymous_12)
FN:151,removeSortIndicators
FN:159,addSortIndicators
FN:165,enableUI
FN:168,ithSorter
FN:171,(anonymous_17)
FN:198,(anonymous_18)
FNF:19
FNH:0
FNDA:0,(anonymous_0)
FNDA:0,getTable
FNDA:0,getTableHeader
FNDA:0,getTableBody
FNDA:0,getNthColumn
FNDA:0,onFilterInput
FNDA:0,addSearchBox
FNDA:0,loadColumns
FNDA:0,loadRowData
FNDA:0,loadData
FNDA:0,sortByIndex
FNDA:0,(anonymous_11)
FNDA:0,(anonymous_12)
FNDA:0,removeSortIndicators
FNDA:0,addSortIndicators
FNDA:0,enableUI
FNDA:0,ithSorter
FNDA:0,(anonymous_17)
FNDA:0,(anonymous_18)
DA:2,0
DA:5,0
DA:12,0
DA:16,0
DA:20,0
DA:24,0
DA:28,0
DA:29,0
DA:34,0
DA:35,0
DA:37,0
DA:40,0
DA:41,0
DA:42,0
DA:44,0
DA:46,0
DA:49,0
DA:54,0
DA:60,0
DA:61,0
DA:62,0
DA:63,0
DA:68,0
DA:70,0
DA:74,0
DA:75,0
DA:76,0
DA:81,0
DA:82,0
DA:83,0
DA:84,0
DA:88,0
DA:93,0
DA:96,0
DA:99,0
DA:100,0
DA:101,0
DA:102,0
DA:103,0
DA:104,0
DA:106,0
DA:108,0
DA:112,0
DA:115,0
DA:116,0
DA:121,0
DA:122,0
DA:123,0
DA:124,0
DA:125,0
DA:127,0
DA:128,0
DA:129,0
DA:130,0
DA:133,0
DA:134,0
DA:135,0
DA:139,0
DA:140,0
DA:141,0
DA:144,0
DA:146,0
DA:147,0
DA:152,0
DA:153,0
DA:155,0
DA:156,0
DA:160,0
DA:168,0
DA:169,0
DA:171,0
DA:172,0
DA:174,0
DA:175,0
DA:177,0
DA:178,0
DA:179,0
DA:180,0
DA:181,0
DA:184,0
DA:185,0
DA:188,0
DA:189,0
DA:190,0
DA:192,0
DA:198,0
DA:199,0
DA:200,0
DA:202,0
DA:203,0
DA:204,0
DA:205,0
DA:206,0
DA:210,0
LF:94
LH:0
BRDA:44,0,0,0
BRDA:44,0,1,0
BRDA:54,1,0,0
BRDA:54,1,1,0
BRDA:79,2,0,0
BRDA:79,2,1,0
BRDA:82,3,0,0
BRDA:82,3,1,0
BRDA:103,4,0,0
BRDA:103,4,1,0
BRDA:125,5,0,0
BRDA:125,5,1,0
BRDA:125,6,0,0
BRDA:125,6,1,0
BRDA:133,7,0,0
BRDA:133,7,1,0
BRDA:160,8,0,0
BRDA:160,8,1,0
BRDA:174,9,0,0
BRDA:174,9,1,0
BRDA:185,10,0,0
BRDA:185,10,1,0
BRDA:189,11,0,0
BRDA:189,11,1,0
BRDA:199,12,0,0
BRDA:199,12,1,0
BRF:26
BRH:0
end_of_record
TN:
SF:middleware\authMiddleware.js
FN:4,(anonymous_0)
FN:20,(anonymous_1)
FN:29,(anonymous_2)
FNF:3
FNH:2
FNDA:0,(anonymous_0)
FNDA:3,(anonymous_1)
FNDA:2,(anonymous_2)
DA:2,1
DA:4,1
DA:5,0
DA:7,0
DA:8,0
DA:11,0
DA:12,0
DA:13,0
DA:14,0
DA:16,0
DA:20,1
DA:21,3
DA:22,3
DA:24,3
DA:25,1
DA:26,1
DA:29,2
DA:30,2
DA:31,1
DA:32,1
DA:34,1
DA:35,1
DA:40,1
LF:23
LH:15
BRDA:7,0,0,0
BRDA:7,0,1,0
BRDA:22,1,0,3
BRDA:22,1,1,2
BRDA:24,2,0,1
BRDA:24,2,1,2
BRDA:30,3,0,1
BRDA:30,3,1,1
BRF:8
BRH:6
end_of_record
TN:
SF:routes\ai.js
FN:10,generateWithRetry
FN:19,(anonymous_1)
FN:30,(anonymous_2)
FN:46,(anonymous_3)
FN:91,(anonymous_4)
FN:157,(anonymous_5)
FN:205,(anonymous_6)
FN:214,(anonymous_7)
FN:234,(anonymous_8)
FNF:9
FNH:0
FNDA:0,generateWithRetry
FNDA:0,(anonymous_1)
FNDA:0,(anonymous_2)
FNDA:0,(anonymous_3)
FNDA:0,(anonymous_4)
FNDA:0,(anonymous_5)
FNDA:0,(anonymous_6)
FNDA:0,(anonymous_7)
FNDA:0,(anonymous_8)
DA:1,0
DA:2,0
DA:3,0
DA:4,0
DA:7,0
DA:11,0
DA:12,0
DA:13,0
DA:14,0
DA:15,0
DA:17,0
DA:18,0
DA:19,0
DA:20,0
DA:22,0
DA:23,0
DA:30,0
DA:31,0
DA:33,0
DA:34,0
DA:37,0
DA:39,0
DA:43,0
DA:46,0
DA:52,0
DA:53,0
DA:54,0
DA:57,0
DA:74,0
DA:75,0
DA:76,0
DA:78,0
DA:80,0
DA:81,0
DA:82,0
DA:84,0
DA:91,0
DA:92,0
DA:94,0
DA:95,0
DA:98,0
DA:100,0
DA:107,0
DA:138,0
DA:139,0
DA:140,0
DA:142,0
DA:144,0
DA:147,0
DA:148,0
DA:149,0
DA:151,0
DA:157,0
DA:158,0
DA:160,0
DA:161,0
DA:168,0
DA:199,0
DA:200,0
DA:201,0
DA:203,0
DA:205,0
DA:206,0
DA:207,0
DA:208,0
DA:210,0
DA:213,0
DA:214,0
DA:215,0
DA:216,0
DA:221,0
DA:224,0
DA:225,0
DA:226,0
DA:228,0
DA:234,0
DA:235,0
DA:237,0
DA:238,0
DA:241,0
DA:242,0
DA:249,0
DA:275,0
DA:276,0
DA:277,0
DA:279,0
DA:281,0
DA:282,0
DA:285,0
DA:288,0
DA:289,0
DA:290,0
DA:291,0
DA:292,0
DA:295,0
DA:300,0
LF:96
LH:0
BRDA:10,0,0,0
BRDA:10,1,0,0
BRDA:17,2,0,0
BRDA:17,2,1,0
BRDA:17,3,0,0
BRDA:17,3,1,0
BRDA:33,4,0,0
BRDA:33,4,1,0
BRDA:47,5,0,0
BRDA:47,5,1,0
BRDA:53,6,0,0
BRDA:53,6,1,0
BRDA:53,7,0,0
BRDA:53,7,1,0
BRDA:81,8,0,0
BRDA:81,8,1,0
BRDA:94,9,0,0
BRDA:94,9,1,0
BRDA:148,10,0,0
BRDA:148,10,1,0
BRDA:213,11,0,0
BRDA:213,11,1,0
BRDA:213,12,0,0
BRDA:213,12,1,0
BRDA:215,13,0,0
BRDA:215,13,1,0
BRDA:215,14,0,0
BRDA:215,14,1,0
BRDA:225,15,0,0
BRDA:225,15,1,0
BRDA:237,16,0,0
BRDA:237,16,1,0
BRDA:281,17,0,0
BRDA:281,17,1,0
BRDA:281,18,0,0
BRDA:281,18,1,0
BRDA:281,18,2,0
BRDA:281,18,3,0
BRDA:289,19,0,0
BRDA:289,19,1,0
BRDA:291,20,0,0
BRDA:291,20,1,0
BRF:42
BRH:0
end_of_record
TN:
SF:routes\auth.js
FN:13,(anonymous_0)
FN:142,(anonymous_1)
FN:214,(anonymous_2)
FN:232,(anonymous_3)
FN:322,(anonymous_4)
FN:372,(anonymous_5)
FN:428,(anonymous_6)
FN:473,(anonymous_7)
FNF:8
FNH:0
FNDA:0,(anonymous_0)
FNDA:0,(anonymous_1)
FNDA:0,(anonymous_2)
FNDA:0,(anonymous_3)
FNDA:0,(anonymous_4)
FNDA:0,(anonymous_5)
FNDA:0,(anonymous_6)
FNDA:0,(anonymous_7)
DA:2,0
DA:3,0
DA:4,0
DA:5,0
DA:6,0
DA:7,0
DA:8,0
DA:13,0
DA:14,0
DA:15,0
DA:16,0
DA:18,0
DA:19,0
DA:20,0
DA:23,0
DA:24,0
DA:25,0
DA:26,0
DA:28,0
DA:29,0
DA:30,0
DA:31,0
DA:32,0
DA:34,0
DA:35,0
DA:36,0
DA:40,0
DA:41,0
DA:42,0
DA:43,0
DA:46,0
DA:47,0
DA:48,0
DA:49,0
DA:51,0
DA:52,0
DA:56,0
DA:59,0
DA:60,0
DA:73,0
DA:77,0
DA:78,0
DA:80,0
DA:122,0
DA:123,0
DA:124,0
DA:127,0
DA:133,0
DA:134,0
DA:135,0
DA:142,0
DA:143,0
DA:144,0
DA:145,0
DA:147,0
DA:148,0
DA:150,0
DA:151,0
DA:152,0
DA:155,0
DA:156,0
DA:157,0
DA:158,0
DA:160,0
DA:161,0
DA:162,0
DA:165,0
DA:166,0
DA:168,0
DA:169,0
DA:171,0
DA:172,0
DA:173,0
DA:177,0
DA:178,0
DA:180,0
DA:181,0
DA:182,0
DA:189,0
DA:190,0
DA:192,0
DA:193,0
DA:194,0
DA:200,0
DA:201,0
DA:210,0
DA:215,0
DA:216,0
DA:217,0
DA:219,0
DA:220,0
DA:224,0
DA:225,0
DA:232,0
DA:233,0
DA:234,0
DA:235,0
DA:238,0
DA:239,0
DA:240,0
DA:242,0
DA:245,0
DA:247,0
DA:248,0
DA:250,0
DA:252,0
DA:257,0
DA:268,0
DA:269,0
DA:309,0
DA:311,0
DA:314,0
DA:315,0
DA:322,0
DA:323,0
DA:324,0
DA:325,0
DA:326,0
DA:328,0
DA:329,0
DA:330,0
DA:333,0
DA:334,0
DA:335,0
DA:337,0
DA:342,0
DA:343,0
DA:344,0
DA:347,0
DA:348,0
DA:350,0
DA:351,0
DA:352,0
DA:354,0
DA:358,0
DA:360,0
DA:363,0
DA:364,0
DA:365,0
DA:372,0
DA:373,0
DA:374,0
DA:375,0
DA:377,0
DA:378,0
DA:379,0
DA:382,0
DA:383,0
DA:384,0
DA:386,0
DA:387,0
DA:392,0
DA:393,0
DA:394,0
DA:397,0
DA:398,0
DA:400,0
DA:401,0
DA:402,0
DA:405,0
DA:406,0
DA:410,0
DA:413,0
DA:419,0
DA:420,0
DA:421,0
DA:428,0
DA:429,0
DA:432,0
DA:434,0
DA:435,0
DA:438,0
DA:439,0
DA:440,0
DA:443,0
DA:445,0
DA:447,0
DA:448,0
DA:451,0
DA:453,0
DA:454,0
DA:455,0
DA:458,0
DA:461,0
DA:469,0
DA:474,0
DA:475,0
DA:476,0
DA:478,0
DA:479,0
DA:484,0
DA:485,0
DA:486,0
DA:488,0
DA:489,0
DA:493,0
LF:196
LH:0
BRDA:18,0,0,0
BRDA:18,0,1,0
BRDA:18,1,0,0
BRDA:18,1,1,0
BRDA:18,1,2,0
BRDA:28,2,0,0
BRDA:28,2,1,0
BRDA:30,3,0,0
BRDA:30,3,1,0
BRDA:34,4,0,0
BRDA:34,4,1,0
BRDA:73,5,0,0
BRDA:73,5,1,0
BRDA:74,6,0,0
BRDA:74,6,1,0
BRDA:148,7,0,0
BRDA:148,7,1,0
BRDA:150,8,0,0
BRDA:150,8,1,0
BRDA:150,9,0,0
BRDA:150,9,1,0
BRDA:158,10,0,0
BRDA:158,10,1,0
BRDA:160,11,0,0
BRDA:160,11,1,0
BRDA:169,12,0,0
BRDA:169,12,1,0
BRDA:171,13,0,0
BRDA:171,13,1,0
BRDA:180,14,0,0
BRDA:180,14,1,0
BRDA:192,15,0,0
BRDA:192,15,1,0
BRDA:215,16,0,0
BRDA:215,16,1,0
BRDA:234,17,0,0
BRDA:234,17,1,0
BRDA:240,18,0,0
BRDA:240,18,1,0
BRDA:328,19,0,0
BRDA:328,19,1,0
BRDA:328,20,0,0
BRDA:328,20,1,0
BRDA:342,21,0,0
BRDA:342,21,1,0
BRDA:375,22,0,0
BRDA:375,22,1,0
BRDA:377,23,0,0
BRDA:377,23,1,0
BRDA:392,24,0,0
BRDA:392,24,1,0
BRDA:400,25,0,0
BRDA:400,25,1,0
BRDA:434,26,0,0
BRDA:434,26,1,0
BRDA:439,27,0,0
BRDA:439,27,1,0
BRDA:439,28,0,0
BRDA:439,28,1,0
BRDA:453,29,0,0
BRDA:453,29,1,0
BRDA:474,30,0,0
BRDA:474,30,1,0
BRDA:484,31,0,0
BRDA:484,31,1,0
BRF:65
BRH:0
end_of_record
TN:
SF:routes\games.js
FN:9,(anonymous_0)
FN:46,(anonymous_1)
FN:63,(anonymous_2)
FN:76,(anonymous_3)
FN:115,(anonymous_4)
FN:135,(anonymous_5)
FN:207,(anonymous_6)
FN:227,(anonymous_7)
FN:279,(anonymous_8)
FN:353,(anonymous_9)
FN:386,(anonymous_10)
FN:424,(anonymous_11)
FN:486,(anonymous_12)
FN:540,(anonymous_13)
FNF:14
FNH:0
FNDA:0,(anonymous_0)
FNDA:0,(anonymous_1)
FNDA:0,(anonymous_2)
FNDA:0,(anonymous_3)
FNDA:0,(anonymous_4)
FNDA:0,(anonymous_5)
FNDA:0,(anonymous_6)
FNDA:0,(anonymous_7)
FNDA:0,(anonymous_8)
FNDA:0,(anonymous_9)
FNDA:0,(anonymous_10)
FNDA:0,(anonymous_11)
FNDA:0,(anonymous_12)
FNDA:0,(anonymous_13)
DA:1,0
DA:2,0
DA:3,0
DA:4,0
DA:9,0
DA:10,0
DA:11,0
DA:12,0
DA:13,0
DA:14,0
DA:15,0
DA:17,0
DA:18,0
DA:19,0
DA:20,0
DA:22,0
DA:23,0
DA:24,0
DA:25,0
DA:28,0
DA:29,0
DA:31,0
DA:32,0
DA:33,0
DA:35,0
DA:36,0
DA:37,0
DA:39,0
DA:46,0
DA:47,0
DA:48,0
DA:49,0
DA:50,0
DA:51,0
DA:53,0
DA:54,0
DA:63,0
DA:64,0
DA:65,0
DA:66,0
DA:68,0
DA:69,0
DA:76,0
DA:77,0
DA:79,0
DA:105,0
DA:107,0
DA:108,0
DA:115,0
DA:116,0
DA:117,0
DA:125,0
DA:127,0
DA:128,0
DA:135,0
DA:136,0
DA:137,0
DA:139,0
DA:140,0
DA:143,0
DA:145,0
DA:146,0
DA:148,0
DA:159,0
DA:160,0
DA:162,0
DA:163,0
DA:164,0
DA:170,0
DA:171,0
DA:172,0
DA:173,0
DA:175,0
DA:176,0
DA:177,0
DA:183,0
DA:189,0
DA:191,0
DA:193,0
DA:196,0
DA:197,0
DA:198,0
DA:200,0
DA:207,0
DA:208,0
DA:209,0
DA:216,0
DA:218,0
DA:219,0
DA:227,0
DA:228,0
DA:229,0
DA:232,0
DA:234,0
DA:235,0
DA:237,0
DA:240,0
DA:243,0
DA:244,0
DA:245,0
DA:248,0
DA:251,0
DA:252,0
DA:253,0
DA:255,0
DA:257,0
DA:258,0
DA:259,0
DA:265,0
DA:268,0
DA:271,0
DA:272,0
DA:279,0
DA:280,0
DA:281,0
DA:282,0
DA:283,0
DA:285,0
DA:287,0
DA:288,0
DA:291,0
DA:292,0
DA:293,0
DA:294,0
DA:296,0
DA:297,0
DA:298,0
DA:299,0
DA:303,0
DA:309,0
DA:310,0
DA:313,0
DA:314,0
DA:315,0
DA:321,0
DA:322,0
DA:323,0
DA:324,0
DA:325,0
DA:326,0
DA:332,0
DA:338,0
DA:339,0
DA:342,0
DA:343,0
DA:344,0
DA:346,0
DA:353,0
DA:354,0
DA:355,0
DA:357,0
DA:359,0
DA:366,0
DA:367,0
DA:368,0
DA:371,0
DA:372,0
DA:375,0
DA:386,0
DA:387,0
DA:388,0
DA:389,0
DA:391,0
DA:400,0
DA:410,0
DA:411,0
DA:414,0
DA:415,0
DA:424,0
DA:425,0
DA:426,0
DA:427,0
DA:430,0
DA:431,0
DA:434,0
DA:436,0
DA:438,0
DA:439,0
DA:442,0
DA:443,0
DA:447,0
DA:454,0
DA:456,0
DA:459,0
DA:462,0
DA:469,0
DA:471,0
DA:478,0
DA:479,0
DA:486,0
DA:487,0
DA:488,0
DA:490,0
DA:492,0
DA:500,0
DA:501,0
DA:504,0
DA:505,0
DA:508,0
DA:509,0
DA:510,0
DA:515,0
DA:520,0
DA:522,0
DA:523,0
DA:526,0
DA:529,0
DA:540,0
DA:549,0
DA:552,0
DA:553,0
DA:554,0
DA:556,0
DA:557,0
DA:560,0
DA:563,0
DA:576,0
DA:577,0
DA:581,0
LF:219
LH:0
BRDA:18,0,0,0
BRDA:18,0,1,0
BRDA:23,1,0,0
BRDA:23,1,1,0
BRDA:23,2,0,0
BRDA:23,2,1,0
BRDA:139,3,0,0
BRDA:139,3,1,0
BRDA:139,4,0,0
BRDA:139,4,1,0
BRDA:153,5,0,0
BRDA:153,5,1,0
BRDA:154,6,0,0
BRDA:154,6,1,0
BRDA:156,7,0,0
BRDA:156,7,1,0
BRDA:162,8,0,0
BRDA:162,8,1,0
BRDA:162,9,0,0
BRDA:162,9,1,0
BRDA:168,10,0,0
BRDA:168,10,1,0
BRDA:175,11,0,0
BRDA:175,11,1,0
BRDA:175,12,0,0
BRDA:175,12,1,0
BRDA:180,13,0,0
BRDA:180,13,1,0
BRDA:181,14,0,0
BRDA:181,14,1,0
BRDA:181,15,0,0
BRDA:181,15,1,0
BRDA:234,16,0,0
BRDA:234,16,1,0
BRDA:252,17,0,0
BRDA:252,17,1,0
BRDA:252,18,0,0
BRDA:252,18,1,0
BRDA:255,19,0,0
BRDA:255,19,1,0
BRDA:255,20,0,0
BRDA:255,20,1,0
BRDA:292,21,0,0
BRDA:292,21,1,0
BRDA:297,22,0,0
BRDA:297,22,1,0
BRDA:297,23,0,0
BRDA:297,23,1,0
BRDA:305,24,0,0
BRDA:305,24,1,0
BRDA:305,25,0,0
BRDA:305,25,1,0
BRDA:313,26,0,0
BRDA:313,26,1,0
BRDA:313,27,0,0
BRDA:313,27,1,0
BRDA:319,28,0,0
BRDA:319,28,1,0
BRDA:324,29,0,0
BRDA:324,29,1,0
BRDA:324,30,0,0
BRDA:324,30,1,0
BRDA:329,31,0,0
BRDA:329,31,1,0
BRDA:330,32,0,0
BRDA:330,32,1,0
BRDA:330,33,0,0
BRDA:330,33,1,0
BRDA:366,34,0,0
BRDA:366,34,1,0
BRDA:387,35,0,0
BRDA:387,35,1,0
BRDA:395,36,0,0
BRDA:395,36,1,0
BRDA:405,37,0,0
BRDA:405,37,1,0
BRDA:406,38,0,0
BRDA:406,38,1,0
BRDA:407,39,0,0
BRDA:407,39,1,0
BRDA:430,40,0,0
BRDA:430,40,1,0
BRDA:430,41,0,0
BRDA:430,41,1,0
BRDA:438,42,0,0
BRDA:438,42,1,0
BRDA:442,43,0,0
BRDA:442,43,1,0
BRDA:454,44,0,0
BRDA:454,44,1,0
BRDA:500,45,0,0
BRDA:500,45,1,0
BRDA:508,46,0,0
BRDA:508,46,1,0
BRDA:508,47,0,0
BRDA:508,47,1,0
BRDA:522,48,0,0
BRDA:522,48,1,0
BRDA:544,49,0,0
BRDA:544,49,1,0
BRDA:545,50,0,0
BRDA:545,50,1,0
BRDA:553,51,0,0
BRDA:553,51,1,0
BRDA:553,52,0,0
BRDA:553,52,1,0
BRDA:556,53,0,0
BRDA:556,53,1,0
BRDA:556,54,0,0
BRDA:556,54,1,0
BRF:110
BRH:0
end_of_record
TN:
SF:routes\images.js
FN:12,(anonymous_0)
FN:15,(anonymous_1)
FN:26,(anonymous_2)
FN:55,(anonymous_3)
FN:70,(anonymous_4)
FN:94,(anonymous_5)
FNF:6
FNH:0
FNDA:0,(anonymous_0)
FNDA:0,(anonymous_1)
FNDA:0,(anonymous_2)
FNDA:0,(anonymous_3)
FNDA:0,(anonymous_4)
FNDA:0,(anonymous_5)
DA:1,0
DA:2,0
DA:3,0
DA:4,0
DA:5,0
DA:6,0
DA:7,0
DA:9,0
DA:11,0
DA:13,0
DA:16,0
DA:17,0
DA:21,0
DA:26,0
DA:27,0
DA:28,0
DA:29,0
DA:32,0
DA:33,0
DA:34,0
DA:36,0
DA:37,0
DA:39,0
DA:47,0
DA:48,0
DA:55,0
DA:56,0
DA:57,0
DA:58,0
DA:59,0
DA:60,0
DA:62,0
DA:63,0
DA:70,0
DA:71,0
DA:72,0
DA:73,0
DA:75,0
DA:76,0
DA:77,0
DA:80,0
DA:81,0
DA:83,0
DA:86,0
DA:87,0
DA:94,0
DA:95,0
DA:96,0
DA:98,0
DA:99,0
DA:102,0
DA:104,0
DA:105,0
DA:109,0
DA:110,0
DA:111,0
DA:112,0
DA:113,0
DA:115,0
DA:118,0
DA:119,0
DA:120,0
DA:123,0
DA:126,0
DA:127,0
DA:128,0
DA:131,0
DA:139,0
DA:140,0
DA:144,0
LF:70
LH:0
BRDA:28,0,0,0
BRDA:28,0,1,0
BRDA:76,1,0,0
BRDA:76,1,1,0
BRDA:98,2,0,0
BRDA:98,2,1,0
BRDA:110,3,0,0
BRDA:110,3,1,0
BRDA:112,4,0,0
BRDA:112,4,1,0
BRDA:112,5,0,0
BRDA:112,5,1,0
BRF:12
BRH:0
end_of_record
TN:
SF:routes\rankings.js
FN:7,(anonymous_0)
FN:35,(anonymous_1)
FN:66,(anonymous_2)
FN:97,(anonymous_3)
FN:120,(anonymous_4)
FNF:5
FNH:0
FNDA:0,(anonymous_0)
FNDA:0,(anonymous_1)
FNDA:0,(anonymous_2)
FNDA:0,(anonymous_3)
FNDA:0,(anonymous_4)
DA:1,0
DA:2,0
DA:3,0
DA:4,0
DA:7,0
DA:8,0
DA:9,0
DA:10,0
DA:12,0
DA:13,0
DA:17,0
DA:22,0
DA:24,0
DA:29,0
DA:30,0
DA:35,0
DA:36,0
DA:37,0
DA:38,0
DA:40,0
DA:57,0
DA:58,0
DA:60,0
DA:61,0
DA:66,0
DA:67,0
DA:68,0
DA:70,0
DA:88,0
DA:89,0
DA:91,0
DA:92,0
DA:97,0
DA:98,0
DA:99,0
DA:100,0
DA:102,0
DA:111,0
DA:112,0
DA:114,0
DA:115,0
DA:120,0
DA:121,0
DA:122,0
DA:124,0
DA:134,0
DA:135,0
DA:142,0
DA:143,0
DA:147,0
LF:50
LH:0
BRDA:12,0,0,0
BRDA:12,0,1,0
BRDA:12,1,0,0
BRDA:12,1,1,0
BRDA:12,1,2,0
BRDA:38,2,0,0
BRDA:38,2,1,0
BRDA:68,3,0,0
BRDA:68,3,1,0
BRDA:112,4,0,0
BRDA:112,4,1,0
BRDA:135,5,0,0
BRDA:135,5,1,0
BRF:13
BRH:0
end_of_record
TN:
SF:routes\stats.js
FN:9,(anonymous_0)
FN:59,(anonymous_1)
FN:92,(anonymous_2)
FN:125,(anonymous_3)
FN:152,(anonymous_4)
FNF:5
FNH:0
FNDA:0,(anonymous_0)
FNDA:0,(anonymous_1)
FNDA:0,(anonymous_2)
FNDA:0,(anonymous_3)
FNDA:0,(anonymous_4)
DA:1,0
DA:2,0
DA:3,0
DA:4,0
DA:9,0
DA:10,0
DA:12,0
DA:14,0
DA:15,0
DA:17,0
DA:18,0
DA:20,0
DA:21,0
DA:22,0
DA:24,0
DA:31,0
DA:33,0
DA:34,0
DA:36,0
DA:37,0
DA:39,0
DA:47,0
DA:48,0
DA:51,0
DA:52,0
DA:59,0
DA:60,0
DA:62,0
DA:64,0
DA:66,0
DA:67,0
DA:69,0
DA:70,0
DA:72,0
DA:78,0
DA:79,0
DA:82,0
DA:83,0
DA:87,0
DA:92,0
DA:94,0
DA:95,0
DA:98,0
DA:99,0
DA:102,0
DA:110,0
DA:111,0
DA:114,0
DA:117,0
DA:118,0
DA:125,0
DA:126,0
DA:127,0
DA:130,0
DA:131,0
DA:132,0
DA:139,0
DA:140,0
DA:141,0
DA:144,0
DA:145,0
DA:152,0
DA:153,0
DA:154,0
DA:157,0
DA:158,0
DA:159,0
DA:165,0
DA:166,0
DA:167,0
DA:170,0
DA:171,0
DA:175,0
LF:73
LH:0
BRDA:17,0,0,0
BRDA:17,0,1,0
BRDA:94,1,0,0
BRDA:94,1,1,0
BRDA:126,2,0,0
BRDA:126,2,1,0
BRDA:153,3,0,0
BRDA:153,3,1,0
BRF:8
BRH:0
end_of_record
TN:
SF:routes\users.js
FN:9,(anonymous_0)
FN:15,(anonymous_1)
FN:24,(anonymous_2)
FN:139,(anonymous_3)
FN:233,(anonymous_4)
FN:263,(anonymous_5)
FN:279,(anonymous_6)
FN:323,(anonymous_7)
FN:357,(anonymous_8)
FNF:9
FNH:0
FNDA:0,(anonymous_0)
FNDA:0,(anonymous_1)
FNDA:0,(anonymous_2)
FNDA:0,(anonymous_3)
FNDA:0,(anonymous_4)
FNDA:0,(anonymous_5)
FNDA:0,(anonymous_6)
FNDA:0,(anonymous_7)
FNDA:0,(anonymous_8)
DA:1,0
DA:2,0
DA:3,0
DA:4,0
DA:5,0
DA:6,0
DA:9,0
DA:10,0
DA:11,0
DA:15,0
DA:17,0
DA:24,0
DA:25,0
DA:26,0
DA:27,0
DA:29,0
DA:32,0
DA:33,0
DA:34,0
DA:37,0
DA:38,0
DA:39,0
DA:42,0
DA:47,0
DA:48,0
DA:49,0
DA:50,0
DA:53,0
DA:54,0
DA:55,0
DA:56,0
DA:57,0
DA:61,0
DA:63,0
DA:84,0
DA:85,0
DA:87,0
DA:94,0
DA:106,0
DA:109,0
DA:116,0
DA:119,0
DA:122,0
DA:123,0
DA:125,0
DA:128,0
DA:129,0
DA:130,0
DA:132,0
DA:139,0
DA:140,0
DA:141,0
DA:142,0
DA:143,0
DA:145,0
DA:148,0
DA:149,0
DA:150,0
DA:153,0
DA:154,0
DA:155,0
DA:158,0
DA:163,0
DA:164,0
DA:165,0
DA:166,0
DA:169,0
DA:170,0
DA:171,0
DA:172,0
DA:173,0
DA:177,0
DA:180,0
DA:189,0
DA:190,0
DA:192,0
DA:199,0
DA:202,0
DA:205,0
DA:206,0
DA:207,0
DA:212,0
DA:215,0
DA:216,0
DA:217,0
DA:218,0
DA:219,0
DA:220,0
DA:221,0
DA:224,0
DA:225,0
DA:226,0
DA:227,0
DA:228,0
DA:231,0
DA:232,0
DA:233,0
DA:235,0
DA:241,0
DA:244,0
DA:245,0
DA:246,0
DA:249,0
DA:250,0
DA:251,0
DA:253,0
DA:258,0
DA:263,0
DA:264,0
DA:265,0
DA:266,0
DA:267,0
DA:268,0
DA:269,0
DA:271,0
DA:272,0
DA:279,0
DA:280,0
DA:283,0
DA:284,0
DA:287,0
DA:289,0
DA:290,0
DA:291,0
DA:295,0
DA:296,0
DA:299,0
DA:304,0
DA:312,0
DA:315,0
DA:316,0
DA:323,0
DA:324,0
DA:325,0
DA:327,0
DA:328,0
DA:329,0
DA:330,0
DA:334,0
DA:335,0
DA:336,0
DA:337,0
DA:338,0
DA:340,0
DA:341,0
DA:344,0
DA:346,0
DA:349,0
DA:350,0
DA:357,0
DA:358,0
DA:361,0
DA:362,0
DA:365,0
DA:366,0
DA:367,0
DA:370,0
DA:375,0
DA:376,0
DA:377,0
DA:381,0
DA:386,0
DA:387,0
DA:388,0
DA:392,0
DA:397,0
DA:398,0
DA:401,0
DA:402,0
DA:403,0
DA:405,0
DA:409,0
LF:172
LH:0
BRDA:10,0,0,0
BRDA:10,0,1,0
BRDA:10,1,0,0
BRDA:10,1,1,0
BRDA:17,2,0,0
BRDA:17,2,1,0
BRDA:32,3,0,0
BRDA:32,3,1,0
BRDA:47,4,0,0
BRDA:47,4,1,0
BRDA:54,5,0,0
BRDA:54,5,1,0
BRDA:84,6,0,0
BRDA:84,6,1,0
BRDA:148,7,0,0
BRDA:148,7,1,0
BRDA:163,8,0,0
BRDA:163,8,1,0
BRDA:170,9,0,0
BRDA:170,9,1,0
BRDA:189,10,0,0
BRDA:189,10,1,0
BRDA:202,11,0,0
BRDA:202,11,1,0
BRDA:202,12,0,0
BRDA:202,12,1,0
BRDA:202,12,2,0
BRDA:216,13,0,0
BRDA:216,13,1,0
BRDA:217,14,0,0
BRDA:217,14,1,0
BRDA:218,15,0,0
BRDA:218,15,1,0
BRDA:219,16,0,0
BRDA:219,16,1,0
BRDA:220,17,0,0
BRDA:220,17,1,0
BRDA:221,18,0,0
BRDA:221,18,1,0
BRDA:280,19,0,0
BRDA:280,20,0,0
BRDA:283,21,0,0
BRDA:283,21,1,0
BRDA:283,22,0,0
BRDA:283,22,1,0
BRDA:283,22,2,0
BRDA:290,23,0,0
BRDA:290,23,1,0
BRDA:329,24,0,0
BRDA:329,24,1,0
BRDA:335,25,0,0
BRDA:335,25,1,0
BRDA:336,26,0,0
BRDA:336,26,1,0
BRDA:337,27,0,0
BRDA:337,27,1,0
BRDA:338,28,0,0
BRDA:338,28,1,0
BRDA:340,29,0,0
BRDA:340,29,1,0
BRDA:361,30,0,0
BRDA:361,30,1,0
BRDA:375,31,0,0
BRDA:375,31,1,0
BRDA:386,32,0,0
BRDA:386,32,1,0
BRF:66
BRH:0
end_of_record
