<?xml version="1.0" encoding="UTF-8"?>
<coverage generated="1760562916054" clover="3.2.0">
  <project timestamp="1760562916055" name="All files">
    <metrics statements="22" coveredstatements="8" conditionals="10" coveredconditionals="1" methods="6" coveredmethods="1" elements="38" coveredelements="10" complexity="0" loc="22" ncloc="22" packages="1" files="1" classes="1"/>
    <file name="LoginScreen.js" path="G:\Sexto Semestre\NUEVAS TECNOLOGIAS DE DESARROLLO\Segundo Corte\Repositorio GitHub\src\view\screens\auth\LoginScreen.js">
      <metrics statements="22" coveredstatements="8" conditionals="10" coveredconditionals="1" methods="6" coveredmethods="1"/>
      <line num="8" count="1" type="stmt"/>
      <line num="9" count="1" type="stmt"/>
      <line num="10" count="1" type="stmt"/>
      <line num="11" count="1" type="stmt"/>
      <line num="12" count="1" type="stmt"/>
      <line num="13" count="1" type="stmt"/>
      <line num="15" count="1" type="stmt"/>
      <line num="16" count="0" type="stmt"/>
      <line num="17" count="0" type="cond" truecount="0" falsecount="4"/>
      <line num="18" count="0" type="stmt"/>
      <line num="19" count="0" type="stmt"/>
      <line num="22" count="0" type="stmt"/>
      <line num="23" count="0" type="stmt"/>
      <line num="25" count="0" type="cond" truecount="0" falsecount="2"/>
      <line num="26" count="0" type="stmt"/>
      <line num="27" count="0" type="stmt"/>
      <line num="29" count="0" type="cond" truecount="0" falsecount="2"/>
      <line num="33" count="1" type="stmt"/>
      <line num="43" count="0" type="stmt"/>
      <line num="53" count="0" type="stmt"/>
      <line num="61" count="0" type="stmt"/>
      <line num="65" count="0" type="stmt"/>
    </file>
  </project>
</coverage>
